<?xml version="1.0" encoding="UTF-8"?>
<!-- Generated by org.testng.reporters.JUnitXMLReporter -->
<testsuite hostname="Pintu-PC" ignored="0" name="Default test" tests="14" failures="0" timestamp="2022-10-02T11:25:40 IST" time="179.763" errors="0">
  <testcase name="ProductSelection" time="39.607" classname="com.WebShop.TestCases.TC7_ProductSelection"/>
  <testcase name="LOGINTEST" time="9.755" classname="com.WebShop.TestCases.TC1_LOGIN"/>
  <testcase name="ProductSelectioPn" time="11.74" classname="com.WebShop.TestCases.TC11_ProductSelectioPn"/>
  <testcase name="DataProviderLogin" time="12.326" classname="com.WebShop.TestCases.TC6_DataProviderLogin"/>
  <testcase name="DataProviderLogin" time="7.824" classname="com.WebShop.TestCases.TC6_DataProviderLogin"/>
  <testcase name="DataProviderLogin" time="7.909" classname="com.WebShop.TestCases.TC6_DataProviderLogin"/>
  <testcase name="RegisterPageFieldValidation" time="5.782" classname="com.WebShop.TestCases.TC5_RegisterPageFieldValidation"/>
  <testcase name="InvalidLogin" time="6.609" classname="com.WebShop.TestCases.TC8_InvalidLogin"/>
  <testcase name="DemoLogin" time="11.154" classname="com.WebShop.TestCases.TC12_DemoShopLoginUsingExcel"/>
  <testcase name="DemoLogin" time="7.85" classname="com.WebShop.TestCases.TC12_DemoShopLoginUsingExcel"/>
  <testcase name="DemoLogin" time="7.853" classname="com.WebShop.TestCases.TC12_DemoShopLoginUsingExcel"/>
  <testcase name="DemoLogin" time="7.913" classname="com.WebShop.TestCases.TC12_DemoShopLoginUsingExcel"/>
  <testcase name="LoginValidation" time="12.458" classname="com.WebShop.TestCases.TC2_LoginValidation"/>
  <testcase name="LoginHeaderValidation" time="8.998" classname="com.WebShop.TestCases.TC3_LoginHeaderValidation"/>
</testsuite> <!-- Default test -->
