<?xml version="1.0" encoding="UTF-8"?>
<!-- Generated by org.testng.reporters.JUnitXMLReporter -->
<testsuite hostname="Pintu-PC" ignored="0" name="Test" tests="9" failures="0" timestamp="2022-10-02T11:31:19 IST" time="128.613" errors="0">
  <testcase name="LOGINTEST" time="11.233" classname="com.WebShop.TestCases.TC1_LOGIN"/>
  <testcase name="LoginValidation" time="11.668" classname="com.WebShop.TestCases.TC2_LoginValidation"/>
  <testcase name="LoginHeaderValidation" time="8.609" classname="com.WebShop.TestCases.TC3_LoginHeaderValidation"/>
  <testcase name="RegisterPageFieldValidation" time="5.105" classname="com.WebShop.TestCases.TC5_RegisterPageFieldValidation"/>
  <testcase name="DataProviderLogin" time="12.703" classname="com.WebShop.TestCases.TC6_DataProviderLogin"/>
  <testcase name="DataProviderLogin" time="8.027" classname="com.WebShop.TestCases.TC6_DataProviderLogin"/>
  <testcase name="DataProviderLogin" time="8.272" classname="com.WebShop.TestCases.TC6_DataProviderLogin"/>
  <testcase name="ProductSelection" time="40.357" classname="com.WebShop.TestCases.TC7_ProductSelection"/>
  <testcase name="InvalidLogin" time="6.261" classname="com.WebShop.TestCases.TC8_InvalidLogin"/>
</testsuite> <!-- Test -->
