<?xml version="1.0" encoding="UTF-8"?>
<!-- Generated by org.testng.reporters.JUnitXMLReporter -->
<testsuite hostname="Pintu-PC" ignored="0" name="Test" tests="14" failures="0" timestamp="2022-10-02T21:02:21 IST" time="205.843" errors="0">
  <testcase name="DataProviderLogin" time="12.066" classname="com.WebShop.TestCases.TC6_DataProviderLogin"/>
  <testcase name="DataProviderLogin" time="8.338" classname="com.WebShop.TestCases.TC6_DataProviderLogin"/>
  <testcase name="DataProviderLogin" time="8.408" classname="com.WebShop.TestCases.TC6_DataProviderLogin"/>
  <testcase name="ProductSelectioPn" time="13.439" classname="com.WebShop.TestCases.TC11_ProductSelectioPn"/>
  <testcase name="InvalidLogin" time="7.568" classname="com.WebShop.TestCases.TC8_InvalidLogin"/>
  <testcase name="ProductSelection" time="44.786" classname="com.WebShop.TestCases.TC7_ProductSelection"/>
  <testcase name="RegisterPageFieldValidation" time="6.521" classname="com.WebShop.TestCases.TC5_RegisterPageFieldValidation"/>
  <testcase name="DemoLogin" time="11.55" classname="com.WebShop.TestCases.TC12_DemoShopLoginUsingExcel"/>
  <testcase name="DemoLogin" time="9.865" classname="com.WebShop.TestCases.TC12_DemoShopLoginUsingExcel"/>
  <testcase name="DemoLogin" time="8.238" classname="com.WebShop.TestCases.TC12_DemoShopLoginUsingExcel"/>
  <testcase name="DemoLogin" time="8.074" classname="com.WebShop.TestCases.TC12_DemoShopLoginUsingExcel"/>
  <testcase name="LoginValidation" time="13.917" classname="com.WebShop.TestCases.TC2_LoginValidation"/>
  <testcase name="LOGINTEST" time="11.754" classname="com.WebShop.TestCases.TC1_LOGIN"/>
  <testcase name="LoginHeaderValidation" time="8.833" classname="com.WebShop.TestCases.TC3_LoginHeaderValidation"/>
</testsuite> <!-- Test -->
