<?xml version="1.0" encoding="UTF-8"?>
<!-- Generated by org.testng.reporters.JUnitXMLReporter -->
<testsuite hostname="Pintu-PC" ignored="0" name="Test" tests="14" failures="0" timestamp="2022-10-02T17:17:15 IST" time="243.548" errors="0">
  <testcase name="DataProviderLogin" time="12.146" classname="com.WebShop.TestCases.TC6_DataProviderLogin"/>
  <testcase name="DataProviderLogin" time="8.101" classname="com.WebShop.TestCases.TC6_DataProviderLogin"/>
  <testcase name="DataProviderLogin" time="9.068" classname="com.WebShop.TestCases.TC6_DataProviderLogin"/>
  <testcase name="ProductSelectioPn" time="21.345" classname="com.WebShop.TestCases.TC11_ProductSelectioPn"/>
  <testcase name="InvalidLogin" time="6.285" classname="com.WebShop.TestCases.TC8_InvalidLogin"/>
  <testcase name="ProductSelection" time="50.483" classname="com.WebShop.TestCases.TC7_ProductSelection"/>
  <testcase name="RegisterPageFieldValidation" time="7.359" classname="com.WebShop.TestCases.TC5_RegisterPageFieldValidation"/>
  <testcase name="DemoLogin" time="12.949" classname="com.WebShop.TestCases.TC12_DemoShopLoginUsingExcel"/>
  <testcase name="DemoLogin" time="8.256" classname="com.WebShop.TestCases.TC12_DemoShopLoginUsingExcel"/>
  <testcase name="DemoLogin" time="8.384" classname="com.WebShop.TestCases.TC12_DemoShopLoginUsingExcel"/>
  <testcase name="DemoLogin" time="8.518" classname="com.WebShop.TestCases.TC12_DemoShopLoginUsingExcel"/>
  <testcase name="LoginValidation" time="12.117" classname="com.WebShop.TestCases.TC2_LoginValidation"/>
  <testcase name="LOGINTEST" time="15.52" classname="com.WebShop.TestCases.TC1_LOGIN"/>
  <testcase name="LoginHeaderValidation" time="14.808" classname="com.WebShop.TestCases.TC3_LoginHeaderValidation"/>
</testsuite> <!-- Test -->
