<?xml version="1.0" encoding="UTF-8"?>
<!-- Generated by org.testng.reporters.JUnitXMLReporter -->
<testsuite hostname="Pintu-PC" ignored="0" name="Test" tests="14" failures="0" timestamp="2022-10-14T12:49:13 IST" time="219.196" errors="0">
  <testcase name="DataProviderLogin" time="13.75" classname="com.WebShop.TestCases.TC6_DataProviderLogin"/>
  <testcase name="DataProviderLogin" time="8.007" classname="com.WebShop.TestCases.TC6_DataProviderLogin"/>
  <testcase name="DataProviderLogin" time="10.349" classname="com.WebShop.TestCases.TC6_DataProviderLogin"/>
  <testcase name="ProductSelectioPn" time="13.958" classname="com.WebShop.TestCases.TC11_ProductSelectioPn"/>
  <testcase name="InvalidLogin" time="6.99" classname="com.WebShop.TestCases.TC8_InvalidLogin"/>
  <testcase name="ProductSelection" time="49.731" classname="com.WebShop.TestCases.TC7_ProductSelection"/>
  <testcase name="RegisterPageFieldValidation" time="9.369" classname="com.WebShop.TestCases.TC5_RegisterPageFieldValidation"/>
  <testcase name="DemoLogin" time="12.735" classname="com.WebShop.TestCases.TC12_DemoShopLoginUsingExcel"/>
  <testcase name="DemoLogin" time="8.356" classname="com.WebShop.TestCases.TC12_DemoShopLoginUsingExcel"/>
  <testcase name="DemoLogin" time="9.725" classname="com.WebShop.TestCases.TC12_DemoShopLoginUsingExcel"/>
  <testcase name="DemoLogin" time="8.805" classname="com.WebShop.TestCases.TC12_DemoShopLoginUsingExcel"/>
  <testcase name="LoginValidation" time="10.991" classname="com.WebShop.TestCases.TC2_LoginValidation"/>
  <testcase name="LOGINTEST" time="8.965" classname="com.WebShop.TestCases.TC1_LOGIN"/>
  <testcase name="LoginHeaderValidation" time="8.617" classname="com.WebShop.TestCases.TC3_LoginHeaderValidation"/>
</testsuite> <!-- Test -->
