<?xml version="1.0" encoding="UTF-8"?>
<testng-results skipped="0" failed="1" ignored="0" total="16" passed="15">
  <reporter-output>
  </reporter-output>
  <suite name="Suite" duration-ms="266413" started-at="2022-10-15T18:51:17 IST" finished-at="2022-10-15T18:55:43 IST">
    <groups>
    </groups>
    <test name="Test" duration-ms="266413" started-at="2022-10-15T18:51:17 IST" finished-at="2022-10-15T18:55:43 IST">
      <class name="com.WebShop.TestCases.TC7_ProductSelection">
        <test-method status="PASS" signature="Setup()[pri:0, instance:com.WebShop.TestCases.TC7_ProductSelection@480bdb19]" name="Setup" is-config="true" duration-ms="2542" started-at="2022-10-15T18:52:39 IST" finished-at="2022-10-15T18:52:41 IST">
          <reporter-output>
          </reporter-output>
        </test-method> <!-- Setup -->
        <test-method status="PASS" signature="ProductSelection()[pri:0, instance:com.WebShop.TestCases.TC7_ProductSelection@480bdb19]" name="ProductSelection" duration-ms="48885" started-at="2022-10-15T18:52:41 IST" description=" Test Senario-1:Gabu Is buying From DemoWebshop- By Manuallly" finished-at="2022-10-15T18:53:30 IST">
          <reporter-output>
          </reporter-output>
        </test-method> <!-- ProductSelection -->
        <test-method status="PASS" signature="TearDown()[pri:0, instance:com.WebShop.TestCases.TC7_ProductSelection@480bdb19]" name="TearDown" is-config="true" duration-ms="512" started-at="2022-10-15T18:53:30 IST" finished-at="2022-10-15T18:53:30 IST">
          <reporter-output>
          </reporter-output>
        </test-method> <!-- TearDown -->
      </class> <!-- com.WebShop.TestCases.TC7_ProductSelection -->
      <class name="com.WebShop.TestCases.TC1_LOGIN">
        <test-method status="PASS" signature="Setup()[pri:0, instance:com.WebShop.TestCases.TC1_LOGIN@3dfc5fb8]" name="Setup" is-config="true" duration-ms="2472" started-at="2022-10-15T18:54:37 IST" finished-at="2022-10-15T18:54:40 IST">
          <reporter-output>
          </reporter-output>
        </test-method> <!-- Setup -->
        <test-method status="PASS" signature="LOGINTEST()[pri:0, instance:com.WebShop.TestCases.TC1_LOGIN@3dfc5fb8]" name="LOGINTEST" duration-ms="10690" started-at="2022-10-15T18:54:40 IST" description="User Login To Demo WebShop Application" finished-at="2022-10-15T18:54:50 IST">
          <reporter-output>
          </reporter-output>
        </test-method> <!-- LOGINTEST -->
        <test-method status="PASS" signature="TearDown()[pri:0, instance:com.WebShop.TestCases.TC1_LOGIN@3dfc5fb8]" name="TearDown" is-config="true" duration-ms="190" started-at="2022-10-15T18:54:50 IST" finished-at="2022-10-15T18:54:50 IST">
          <reporter-output>
          </reporter-output>
        </test-method> <!-- TearDown -->
      </class> <!-- com.WebShop.TestCases.TC1_LOGIN -->
      <class name="com.WebShop.TestCases.TC11_ProductSelectioPn">
        <test-method status="PASS" signature="Setup()[pri:0, instance:com.WebShop.TestCases.TC11_ProductSelectioPn@69a3d1d]" name="Setup" is-config="true" duration-ms="2645" started-at="2022-10-15T18:52:07 IST" finished-at="2022-10-15T18:52:10 IST">
          <reporter-output>
          </reporter-output>
        </test-method> <!-- Setup -->
        <test-method status="PASS" signature="ProductSelectioPn()[pri:0, instance:com.WebShop.TestCases.TC11_ProductSelectioPn@69a3d1d]" name="ProductSelectioPn" duration-ms="14386" started-at="2022-10-15T18:52:10 IST" finished-at="2022-10-15T18:52:24 IST">
          <reporter-output>
          </reporter-output>
        </test-method> <!-- ProductSelectioPn -->
        <test-method status="PASS" signature="TearDown()[pri:0, instance:com.WebShop.TestCases.TC11_ProductSelectioPn@69a3d1d]" name="TearDown" is-config="true" duration-ms="364" started-at="2022-10-15T18:52:24 IST" finished-at="2022-10-15T18:52:25 IST">
          <reporter-output>
          </reporter-output>
        </test-method> <!-- TearDown -->
      </class> <!-- com.WebShop.TestCases.TC11_ProductSelectioPn -->
      <class name="com.WebShop.TestCases.TC6_DataProviderLogin">
        <test-method status="PASS" signature="Setup()[pri:0, instance:com.WebShop.TestCases.TC6_DataProviderLogin@528931cf]" name="Setup" is-config="true" duration-ms="11462" started-at="2022-10-15T18:51:17 IST" finished-at="2022-10-15T18:51:29 IST">
          <reporter-output>
          </reporter-output>
        </test-method> <!-- Setup -->
        <test-method status="PASS" signature="DataProviderLogin(java.lang.String,java.lang.String)[pri:0, instance:com.WebShop.TestCases.TC6_DataProviderLogin@528931cf]" name="DataProviderLogin" duration-ms="15525" started-at="2022-10-15T18:51:29 IST" description="User Login using DataProvider" data-provider="data-provider" finished-at="2022-10-15T18:51:44 IST">
          <params>
            <param index="0">
              <value>
                <![CDATA[test@kuna.com]]>
              </value>
            </param>
            <param index="1">
              <value>
                <![CDATA[test@123]]>
              </value>
            </param>
          </params>
          <reporter-output>
          </reporter-output>
        </test-method> <!-- DataProviderLogin -->
        <test-method status="PASS" signature="DataProviderLogin(java.lang.String,java.lang.String)[pri:0, instance:com.WebShop.TestCases.TC6_DataProviderLogin@528931cf]" name="DataProviderLogin" duration-ms="7844" started-at="2022-10-15T18:51:44 IST" description="User Login using DataProvider" data-provider="data-provider" finished-at="2022-10-15T18:51:52 IST">
          <params>
            <param index="0">
              <value>
                <![CDATA[test@champi.com]]>
              </value>
            </param>
            <param index="1">
              <value>
                <![CDATA[test@123]]>
              </value>
            </param>
          </params>
          <reporter-output>
          </reporter-output>
        </test-method> <!-- DataProviderLogin -->
        <test-method status="PASS" signature="DataProviderLogin(java.lang.String,java.lang.String)[pri:0, instance:com.WebShop.TestCases.TC6_DataProviderLogin@528931cf]" name="DataProviderLogin" duration-ms="10890" started-at="2022-10-15T18:51:52 IST" description="User Login using DataProvider" data-provider="data-provider" finished-at="2022-10-15T18:52:03 IST">
          <params>
            <param index="0">
              <value>
                <![CDATA[sanju@khudi.com]]>
              </value>
            </param>
            <param index="1">
              <value>
                <![CDATA[test@123]]>
              </value>
            </param>
          </params>
          <reporter-output>
          </reporter-output>
        </test-method> <!-- DataProviderLogin -->
        <test-method status="PASS" signature="TearDown()[pri:0, instance:com.WebShop.TestCases.TC6_DataProviderLogin@528931cf]" name="TearDown" is-config="true" duration-ms="4325" started-at="2022-10-15T18:52:03 IST" finished-at="2022-10-15T18:52:07 IST">
          <reporter-output>
          </reporter-output>
        </test-method> <!-- TearDown -->
      </class> <!-- com.WebShop.TestCases.TC6_DataProviderLogin -->
      <class name="com.WebShop.TestCases.TC5_RegisterPageFieldValidation">
        <test-method status="PASS" signature="Setup()[pri:0, instance:com.WebShop.TestCases.TC5_RegisterPageFieldValidation@2a556333]" name="Setup" is-config="true" duration-ms="2491" started-at="2022-10-15T18:53:30 IST" finished-at="2022-10-15T18:53:33 IST">
          <reporter-output>
          </reporter-output>
        </test-method> <!-- Setup -->
        <test-method status="PASS" signature="RegisterPageFieldValidation()[pri:0, instance:com.WebShop.TestCases.TC5_RegisterPageFieldValidation@2a556333]" name="RegisterPageFieldValidation" duration-ms="6939" started-at="2022-10-15T18:53:33 IST" description="Register new User Page Validation" finished-at="2022-10-15T18:53:40 IST">
          <reporter-output>
          </reporter-output>
        </test-method> <!-- RegisterPageFieldValidation -->
        <test-method status="PASS" signature="TearDown()[pri:0, instance:com.WebShop.TestCases.TC5_RegisterPageFieldValidation@2a556333]" name="TearDown" is-config="true" duration-ms="180" started-at="2022-10-15T18:53:40 IST" finished-at="2022-10-15T18:53:40 IST">
          <reporter-output>
          </reporter-output>
        </test-method> <!-- TearDown -->
      </class> <!-- com.WebShop.TestCases.TC5_RegisterPageFieldValidation -->
      <class name="com.WebShop.TestCases.TC13_SearchPageValidation">
        <test-method status="PASS" signature="Setup()[pri:0, instance:com.WebShop.TestCases.TC13_SearchPageValidation@4d50efb8]" name="Setup" is-config="true" duration-ms="2383" started-at="2022-10-15T18:55:03 IST" finished-at="2022-10-15T18:55:06 IST">
          <reporter-output>
          </reporter-output>
        </test-method> <!-- Setup -->
        <test-method status="PASS" signature="SearchPageValidation()[pri:0, instance:com.WebShop.TestCases.TC13_SearchPageValidation@4d50efb8]" name="SearchPageValidation" duration-ms="12445" started-at="2022-10-15T18:55:06 IST" finished-at="2022-10-15T18:55:18 IST">
          <reporter-output>
          </reporter-output>
        </test-method> <!-- SearchPageValidation -->
        <test-method status="PASS" signature="TearDown()[pri:0, instance:com.WebShop.TestCases.TC13_SearchPageValidation@4d50efb8]" name="TearDown" is-config="true" duration-ms="411" started-at="2022-10-15T18:55:18 IST" finished-at="2022-10-15T18:55:19 IST">
          <reporter-output>
          </reporter-output>
        </test-method> <!-- TearDown -->
      </class> <!-- com.WebShop.TestCases.TC13_SearchPageValidation -->
      <class name="com.WebShop.TestCases.TC8_InvalidLogin">
        <test-method status="PASS" signature="Setup()[pri:0, instance:com.WebShop.TestCases.TC8_InvalidLogin@86be70a]" name="Setup" is-config="true" duration-ms="3044" started-at="2022-10-15T18:52:25 IST" finished-at="2022-10-15T18:52:28 IST">
          <reporter-output>
          </reporter-output>
        </test-method> <!-- Setup -->
        <test-method status="PASS" signature="InvalidLogin()[pri:0, instance:com.WebShop.TestCases.TC8_InvalidLogin@86be70a]" name="InvalidLogin" duration-ms="10086" started-at="2022-10-15T18:52:28 IST" description="Invalid Login Credentials" finished-at="2022-10-15T18:52:38 IST">
          <reporter-output>
          </reporter-output>
        </test-method> <!-- InvalidLogin -->
        <test-method status="PASS" signature="TearDown()[pri:0, instance:com.WebShop.TestCases.TC8_InvalidLogin@86be70a]" name="TearDown" is-config="true" duration-ms="563" started-at="2022-10-15T18:52:38 IST" finished-at="2022-10-15T18:52:39 IST">
          <reporter-output>
          </reporter-output>
        </test-method> <!-- TearDown -->
      </class> <!-- com.WebShop.TestCases.TC8_InvalidLogin -->
      <class name="com.WebShop.TestCases.TC14_HomePageBrokenlinks">
        <test-method status="PASS" signature="Setup()[pri:0, instance:com.WebShop.TestCases.TC14_HomePageBrokenlinks@7e2d773b]" name="Setup" is-config="true" duration-ms="1877" started-at="2022-10-15T18:55:19 IST" finished-at="2022-10-15T18:55:20 IST">
          <reporter-output>
          </reporter-output>
        </test-method> <!-- Setup -->
        <test-method status="FAIL" signature="HomePageLinks()[pri:0, instance:com.WebShop.TestCases.TC14_HomePageBrokenlinks@7e2d773b]" name="HomePageLinks" duration-ms="18870" started-at="2022-10-15T18:55:20 IST" finished-at="2022-10-15T18:55:39 IST">
          <exception class="java.net.MalformedURLException">
            <message>
              <![CDATA[no protocol: ]]>
            </message>
            <full-stacktrace>
              <![CDATA[java.net.MalformedURLException: no protocol: 
at java.net.URL.<init>(URL.java:610)
at java.net.URL.<init>(URL.java:507)
at java.net.URL.<init>(URL.java:456)
at PageObjects.HomePagelinks.HomePageLinks(HomePagelinks.java:35)
at com.WebShop.TestCases.TC14_HomePageBrokenlinks.HomePageLinks(TC14_HomePageBrokenlinks.java:20)
at sun.reflect.NativeMethodAccessorImpl.invoke0(Native Method)
at sun.reflect.NativeMethodAccessorImpl.invoke(NativeMethodAccessorImpl.java:62)
at sun.reflect.DelegatingMethodAccessorImpl.invoke(DelegatingMethodAccessorImpl.java:43)
at java.lang.reflect.Method.invoke(Method.java:498)
at org.testng.internal.MethodInvocationHelper.invokeMethod(MethodInvocationHelper.java:133)
at org.testng.internal.TestInvoker.invokeMethod(TestInvoker.java:598)
at org.testng.internal.TestInvoker.invokeTestMethod(TestInvoker.java:173)
at org.testng.internal.MethodRunner.runInSequence(MethodRunner.java:46)
at org.testng.internal.TestInvoker$MethodInvocationAgent.invoke(TestInvoker.java:824)
at org.testng.internal.TestInvoker.invokeTestMethods(TestInvoker.java:146)
at org.testng.internal.TestMethodWorker.invokeTestMethods(TestMethodWorker.java:146)
at org.testng.internal.TestMethodWorker.run(TestMethodWorker.java:128)
at java.util.ArrayList.forEach(ArrayList.java:1257)
at org.testng.TestRunner.privateRun(TestRunner.java:794)
at org.testng.TestRunner.run(TestRunner.java:596)
at org.testng.SuiteRunner.runTest(SuiteRunner.java:377)
at org.testng.SuiteRunner.runSequentially(SuiteRunner.java:371)
at org.testng.SuiteRunner.privateRun(SuiteRunner.java:332)
at org.testng.SuiteRunner.run(SuiteRunner.java:276)
at org.testng.SuiteRunnerWorker.runSuite(SuiteRunnerWorker.java:53)
at org.testng.SuiteRunnerWorker.run(SuiteRunnerWorker.java:96)
at org.testng.TestNG.runSuitesSequentially(TestNG.java:1212)
at org.testng.TestNG.runSuitesLocally(TestNG.java:1134)
at org.testng.TestNG.runSuites(TestNG.java:1063)
at org.testng.TestNG.run(TestNG.java:1031)
at org.apache.maven.surefire.testng.TestNGExecutor.run(TestNGExecutor.java:324)
at org.apache.maven.surefire.testng.TestNGXmlTestSuite.execute(TestNGXmlTestSuite.java:74)
at org.apache.maven.surefire.testng.TestNGProvider.invoke(TestNGProvider.java:123)
at org.apache.maven.surefire.booter.ForkedBooter.runSuitesInProcess(ForkedBooter.java:456)
at org.apache.maven.surefire.booter.ForkedBooter.execute(ForkedBooter.java:169)
at org.apache.maven.surefire.booter.ForkedBooter.run(ForkedBooter.java:595)
at org.apache.maven.surefire.booter.ForkedBooter.main(ForkedBooter.java:581)
]]>
            </full-stacktrace>
          </exception> <!-- java.net.MalformedURLException -->
          <reporter-output>
          </reporter-output>
        </test-method> <!-- HomePageLinks -->
        <test-method status="PASS" signature="TearDown()[pri:0, instance:com.WebShop.TestCases.TC14_HomePageBrokenlinks@7e2d773b]" name="TearDown" is-config="true" duration-ms="4109" started-at="2022-10-15T18:55:39 IST" finished-at="2022-10-15T18:55:43 IST">
          <reporter-output>
          </reporter-output>
        </test-method> <!-- TearDown -->
      </class> <!-- com.WebShop.TestCases.TC14_HomePageBrokenlinks -->
      <class name="com.WebShop.TestCases.TC12_DemoShopLoginUsingExcel">
        <test-method status="PASS" signature="Setup()[pri:0, instance:com.WebShop.TestCases.TC12_DemoShopLoginUsingExcel@7d70d1b1]" name="Setup" is-config="true" duration-ms="1712" started-at="2022-10-15T18:53:40 IST" finished-at="2022-10-15T18:53:42 IST">
          <reporter-output>
          </reporter-output>
        </test-method> <!-- Setup -->
        <test-method status="PASS" signature="DemoLogin(java.lang.String,java.lang.String)[pri:0, instance:com.WebShop.TestCases.TC12_DemoShopLoginUsingExcel@7d70d1b1]" name="DemoLogin" duration-ms="11760" started-at="2022-10-15T18:53:43 IST" data-provider="data-provider" finished-at="2022-10-15T18:53:55 IST">
          <params>
            <param index="0">
              <value>
                <![CDATA[test@kuna.com]]>
              </value>
            </param>
            <param index="1">
              <value>
                <![CDATA[test@123]]>
              </value>
            </param>
          </params>
          <reporter-output>
          </reporter-output>
        </test-method> <!-- DemoLogin -->
        <test-method status="PASS" signature="DemoLogin(java.lang.String,java.lang.String)[pri:0, instance:com.WebShop.TestCases.TC12_DemoShopLoginUsingExcel@7d70d1b1]" name="DemoLogin" duration-ms="8070" started-at="2022-10-15T18:53:55 IST" data-provider="data-provider" finished-at="2022-10-15T18:54:03 IST">
          <params>
            <param index="0">
              <value>
                <![CDATA[test@champi.com]]>
              </value>
            </param>
            <param index="1">
              <value>
                <![CDATA[test@123]]>
              </value>
            </param>
          </params>
          <reporter-output>
          </reporter-output>
        </test-method> <!-- DemoLogin -->
        <test-method status="PASS" signature="DemoLogin(java.lang.String,java.lang.String)[pri:0, instance:com.WebShop.TestCases.TC12_DemoShopLoginUsingExcel@7d70d1b1]" name="DemoLogin" duration-ms="8609" started-at="2022-10-15T18:54:03 IST" data-provider="data-provider" finished-at="2022-10-15T18:54:11 IST">
          <params>
            <param index="0">
              <value>
                <![CDATA[gabu@tabu.com]]>
              </value>
            </param>
            <param index="1">
              <value>
                <![CDATA[test@123]]>
              </value>
            </param>
          </params>
          <reporter-output>
          </reporter-output>
        </test-method> <!-- DemoLogin -->
        <test-method status="PASS" signature="DemoLogin(java.lang.String,java.lang.String)[pri:0, instance:com.WebShop.TestCases.TC12_DemoShopLoginUsingExcel@7d70d1b1]" name="DemoLogin" duration-ms="10047" started-at="2022-10-15T18:54:12 IST" data-provider="data-provider" finished-at="2022-10-15T18:54:22 IST">
          <params>
            <param index="0">
              <value>
                <![CDATA[BOPA@BHAI.com]]>
              </value>
            </param>
            <param index="1">
              <value>
                <![CDATA[test@123]]>
              </value>
            </param>
          </params>
          <reporter-output>
          </reporter-output>
        </test-method> <!-- DemoLogin -->
        <test-method status="PASS" signature="TearDown()[pri:0, instance:com.WebShop.TestCases.TC12_DemoShopLoginUsingExcel@7d70d1b1]" name="TearDown" is-config="true" duration-ms="636" started-at="2022-10-15T18:54:22 IST" finished-at="2022-10-15T18:54:22 IST">
          <reporter-output>
          </reporter-output>
        </test-method> <!-- TearDown -->
      </class> <!-- com.WebShop.TestCases.TC12_DemoShopLoginUsingExcel -->
      <class name="com.WebShop.TestCases.TC2_LoginValidation">
        <test-method status="PASS" signature="Setup()[pri:0, instance:com.WebShop.TestCases.TC2_LoginValidation@2a742aa2]" name="Setup" is-config="true" duration-ms="2369" started-at="2022-10-15T18:54:22 IST" finished-at="2022-10-15T18:54:25 IST">
          <reporter-output>
          </reporter-output>
        </test-method> <!-- Setup -->
        <test-method status="PASS" signature="LoginValidation()[pri:0, instance:com.WebShop.TestCases.TC2_LoginValidation@2a742aa2]" name="LoginValidation" duration-ms="12159" started-at="2022-10-15T18:54:25 IST" description="Login Validation" finished-at="2022-10-15T18:54:37 IST">
          <reporter-output>
          </reporter-output>
        </test-method> <!-- LoginValidation -->
        <test-method status="PASS" signature="TearDown()[pri:0, instance:com.WebShop.TestCases.TC2_LoginValidation@2a742aa2]" name="TearDown" is-config="true" duration-ms="373" started-at="2022-10-15T18:54:37 IST" finished-at="2022-10-15T18:54:37 IST">
          <reporter-output>
          </reporter-output>
        </test-method> <!-- TearDown -->
      </class> <!-- com.WebShop.TestCases.TC2_LoginValidation -->
      <class name="com.WebShop.TestCases.TC3_LoginHeaderValidation">
        <test-method status="PASS" signature="Setup()[pri:0, instance:com.WebShop.TestCases.TC3_LoginHeaderValidation@467aecef]" name="Setup" is-config="true" duration-ms="2576" started-at="2022-10-15T18:54:50 IST" finished-at="2022-10-15T18:54:53 IST">
          <reporter-output>
          </reporter-output>
        </test-method> <!-- Setup -->
        <test-method status="PASS" signature="LoginHeaderValidation()[pri:0, instance:com.WebShop.TestCases.TC3_LoginHeaderValidation@467aecef]" name="LoginHeaderValidation" duration-ms="9848" started-at="2022-10-15T18:54:53 IST" description="Header Validation" finished-at="2022-10-15T18:55:03 IST">
          <reporter-output>
          </reporter-output>
        </test-method> <!-- LoginHeaderValidation -->
        <test-method status="PASS" signature="TearDown()[pri:0, instance:com.WebShop.TestCases.TC3_LoginHeaderValidation@467aecef]" name="TearDown" is-config="true" duration-ms="434" started-at="2022-10-15T18:55:03 IST" finished-at="2022-10-15T18:55:03 IST">
          <reporter-output>
          </reporter-output>
        </test-method> <!-- TearDown -->
      </class> <!-- com.WebShop.TestCases.TC3_LoginHeaderValidation -->
    </test> <!-- Test -->
  </suite> <!-- Suite -->
</testng-results>
