<?xml version="1.0" encoding="UTF-8"?>
<testng-results skipped="0" failed="0" ignored="0" total="14" passed="14">
  <reporter-output>
  </reporter-output>
  <suite name="Suite" duration-ms="243548" started-at="2022-10-02T17:13:12 IST" finished-at="2022-10-02T17:17:15 IST">
    <groups>
    </groups>
    <test name="Test" duration-ms="243548" started-at="2022-10-02T17:13:12 IST" finished-at="2022-10-02T17:17:15 IST">
      <class name="com.WebShop.TestCases.TC7_ProductSelection">
        <test-method status="PASS" signature="Setup()[pri:0, instance:com.WebShop.TestCases.TC7_ProductSelection@69a3d1d]" name="Setup" is-config="true" duration-ms="2552" started-at="2022-10-02T17:14:35 IST" finished-at="2022-10-02T17:14:38 IST">
          <reporter-output>
          </reporter-output>
        </test-method> <!-- Setup -->
        <test-method status="PASS" signature="ProductSelection()[pri:0, instance:com.WebShop.TestCases.TC7_ProductSelection@69a3d1d]" name="ProductSelection" duration-ms="50483" started-at="2022-10-02T17:14:38 IST" description=" Test Senario-1:Gabu Is buying From DemoWebshop- By Manuallly" finished-at="2022-10-02T17:15:28 IST">
          <reporter-output>
          </reporter-output>
        </test-method> <!-- ProductSelection -->
        <test-method status="PASS" signature="TearDown()[pri:0, instance:com.WebShop.TestCases.TC7_ProductSelection@69a3d1d]" name="TearDown" is-config="true" duration-ms="477" started-at="2022-10-02T17:15:28 IST" finished-at="2022-10-02T17:15:29 IST">
          <reporter-output>
          </reporter-output>
        </test-method> <!-- TearDown -->
      </class> <!-- com.WebShop.TestCases.TC7_ProductSelection -->
      <class name="com.WebShop.TestCases.TC1_LOGIN">
        <test-method status="PASS" signature="Setup()[pri:0, instance:com.WebShop.TestCases.TC1_LOGIN@2a742aa2]" name="Setup" is-config="true" duration-ms="3350" started-at="2022-10-02T17:16:39 IST" finished-at="2022-10-02T17:16:42 IST">
          <reporter-output>
          </reporter-output>
        </test-method> <!-- Setup -->
        <test-method status="PASS" signature="LOGINTEST()[pri:0, instance:com.WebShop.TestCases.TC1_LOGIN@2a742aa2]" name="LOGINTEST" duration-ms="15520" started-at="2022-10-02T17:16:42 IST" description="User Login To Demo WebShop Application" finished-at="2022-10-02T17:16:58 IST">
          <reporter-output>
          </reporter-output>
        </test-method> <!-- LOGINTEST -->
        <test-method status="PASS" signature="TearDown()[pri:0, instance:com.WebShop.TestCases.TC1_LOGIN@2a742aa2]" name="TearDown" is-config="true" duration-ms="133" started-at="2022-10-02T17:16:58 IST" finished-at="2022-10-02T17:16:58 IST">
          <reporter-output>
          </reporter-output>
        </test-method> <!-- TearDown -->
      </class> <!-- com.WebShop.TestCases.TC1_LOGIN -->
      <class name="com.WebShop.TestCases.TC11_ProductSelectioPn">
        <test-method status="PASS" signature="Setup()[pri:0, instance:com.WebShop.TestCases.TC11_ProductSelectioPn@80503]" name="Setup" is-config="true" duration-ms="5596" started-at="2022-10-02T17:13:55 IST" finished-at="2022-10-02T17:14:00 IST">
          <reporter-output>
          </reporter-output>
        </test-method> <!-- Setup -->
        <test-method status="PASS" signature="ProductSelectioPn()[pri:0, instance:com.WebShop.TestCases.TC11_ProductSelectioPn@80503]" name="ProductSelectioPn" duration-ms="21345" started-at="2022-10-02T17:14:00 IST" finished-at="2022-10-02T17:14:22 IST">
          <reporter-output>
          </reporter-output>
        </test-method> <!-- ProductSelectioPn -->
        <test-method status="PASS" signature="TearDown()[pri:0, instance:com.WebShop.TestCases.TC11_ProductSelectioPn@80503]" name="TearDown" is-config="true" duration-ms="432" started-at="2022-10-02T17:14:22 IST" finished-at="2022-10-02T17:14:22 IST">
          <reporter-output>
          </reporter-output>
        </test-method> <!-- TearDown -->
      </class> <!-- com.WebShop.TestCases.TC11_ProductSelectioPn -->
      <class name="com.WebShop.TestCases.TC6_DataProviderLogin">
        <test-method status="PASS" signature="Setup()[pri:0, instance:com.WebShop.TestCases.TC6_DataProviderLogin@7a1ebcd8]" name="Setup" is-config="true" duration-ms="11896" started-at="2022-10-02T17:13:12 IST" finished-at="2022-10-02T17:13:24 IST">
          <reporter-output>
          </reporter-output>
        </test-method> <!-- Setup -->
        <test-method status="PASS" signature="DataProviderLogin(java.lang.String,java.lang.String)[pri:0, instance:com.WebShop.TestCases.TC6_DataProviderLogin@7a1ebcd8]" name="DataProviderLogin" duration-ms="12146" started-at="2022-10-02T17:13:24 IST" description="User Login using DataProvider" data-provider="data-provider" finished-at="2022-10-02T17:13:36 IST">
          <params>
            <param index="0">
              <value>
                <![CDATA[test@kuna.com]]>
              </value>
            </param>
            <param index="1">
              <value>
                <![CDATA[test@123]]>
              </value>
            </param>
          </params>
          <reporter-output>
          </reporter-output>
        </test-method> <!-- DataProviderLogin -->
        <test-method status="PASS" signature="DataProviderLogin(java.lang.String,java.lang.String)[pri:0, instance:com.WebShop.TestCases.TC6_DataProviderLogin@7a1ebcd8]" name="DataProviderLogin" duration-ms="8101" started-at="2022-10-02T17:13:36 IST" description="User Login using DataProvider" data-provider="data-provider" finished-at="2022-10-02T17:13:44 IST">
          <params>
            <param index="0">
              <value>
                <![CDATA[test@champi.com]]>
              </value>
            </param>
            <param index="1">
              <value>
                <![CDATA[test@123]]>
              </value>
            </param>
          </params>
          <reporter-output>
          </reporter-output>
        </test-method> <!-- DataProviderLogin -->
        <test-method status="PASS" signature="DataProviderLogin(java.lang.String,java.lang.String)[pri:0, instance:com.WebShop.TestCases.TC6_DataProviderLogin@7a1ebcd8]" name="DataProviderLogin" duration-ms="9068" started-at="2022-10-02T17:13:44 IST" description="User Login using DataProvider" data-provider="data-provider" finished-at="2022-10-02T17:13:53 IST">
          <params>
            <param index="0">
              <value>
                <![CDATA[sanju@khudi.com]]>
              </value>
            </param>
            <param index="1">
              <value>
                <![CDATA[test@123]]>
              </value>
            </param>
          </params>
          <reporter-output>
          </reporter-output>
        </test-method> <!-- DataProviderLogin -->
        <test-method status="PASS" signature="TearDown()[pri:0, instance:com.WebShop.TestCases.TC6_DataProviderLogin@7a1ebcd8]" name="TearDown" is-config="true" duration-ms="1444" started-at="2022-10-02T17:13:53 IST" finished-at="2022-10-02T17:13:55 IST">
          <reporter-output>
          </reporter-output>
        </test-method> <!-- TearDown -->
      </class> <!-- com.WebShop.TestCases.TC6_DataProviderLogin -->
      <class name="com.WebShop.TestCases.TC5_RegisterPageFieldValidation">
        <test-method status="PASS" signature="Setup()[pri:0, instance:com.WebShop.TestCases.TC5_RegisterPageFieldValidation@86be70a]" name="Setup" is-config="true" duration-ms="2736" started-at="2022-10-02T17:15:29 IST" finished-at="2022-10-02T17:15:31 IST">
          <reporter-output>
          </reporter-output>
        </test-method> <!-- Setup -->
        <test-method status="PASS" signature="RegisterPageFieldValidation()[pri:0, instance:com.WebShop.TestCases.TC5_RegisterPageFieldValidation@86be70a]" name="RegisterPageFieldValidation" duration-ms="7359" started-at="2022-10-02T17:15:31 IST" description="Register new User Page Validation" finished-at="2022-10-02T17:15:39 IST">
          <reporter-output>
          </reporter-output>
        </test-method> <!-- RegisterPageFieldValidation -->
        <test-method status="PASS" signature="TearDown()[pri:0, instance:com.WebShop.TestCases.TC5_RegisterPageFieldValidation@86be70a]" name="TearDown" is-config="true" duration-ms="330" started-at="2022-10-02T17:15:39 IST" finished-at="2022-10-02T17:15:39 IST">
          <reporter-output>
          </reporter-output>
        </test-method> <!-- TearDown -->
      </class> <!-- com.WebShop.TestCases.TC5_RegisterPageFieldValidation -->
      <class name="com.WebShop.TestCases.TC8_InvalidLogin">
        <test-method status="PASS" signature="Setup()[pri:0, instance:com.WebShop.TestCases.TC8_InvalidLogin@4b553d26]" name="Setup" is-config="true" duration-ms="6379" started-at="2022-10-02T17:14:22 IST" finished-at="2022-10-02T17:14:28 IST">
          <reporter-output>
          </reporter-output>
        </test-method> <!-- Setup -->
        <test-method status="PASS" signature="InvalidLogin()[pri:0, instance:com.WebShop.TestCases.TC8_InvalidLogin@4b553d26]" name="InvalidLogin" duration-ms="6285" started-at="2022-10-02T17:14:28 IST" description="Invalid Login Credentials" finished-at="2022-10-02T17:14:35 IST">
          <reporter-output>
          </reporter-output>
        </test-method> <!-- InvalidLogin -->
        <test-method status="PASS" signature="TearDown()[pri:0, instance:com.WebShop.TestCases.TC8_InvalidLogin@4b553d26]" name="TearDown" is-config="true" duration-ms="266" started-at="2022-10-02T17:14:35 IST" finished-at="2022-10-02T17:14:35 IST">
          <reporter-output>
          </reporter-output>
        </test-method> <!-- TearDown -->
      </class> <!-- com.WebShop.TestCases.TC8_InvalidLogin -->
      <class name="com.WebShop.TestCases.TC12_DemoShopLoginUsingExcel">
        <test-method status="PASS" signature="Setup()[pri:0, instance:com.WebShop.TestCases.TC12_DemoShopLoginUsingExcel@480bdb19]" name="Setup" is-config="true" duration-ms="2548" started-at="2022-10-02T17:15:39 IST" finished-at="2022-10-02T17:15:42 IST">
          <reporter-output>
          </reporter-output>
        </test-method> <!-- Setup -->
        <test-method status="PASS" signature="DemoLogin(java.lang.String,java.lang.String)[pri:0, instance:com.WebShop.TestCases.TC12_DemoShopLoginUsingExcel@480bdb19]" name="DemoLogin" duration-ms="12949" started-at="2022-10-02T17:15:45 IST" data-provider="data-provider" finished-at="2022-10-02T17:15:58 IST">
          <params>
            <param index="0">
              <value>
                <![CDATA[test@kuna.com]]>
              </value>
            </param>
            <param index="1">
              <value>
                <![CDATA[test@123]]>
              </value>
            </param>
          </params>
          <reporter-output>
          </reporter-output>
        </test-method> <!-- DemoLogin -->
        <test-method status="PASS" signature="DemoLogin(java.lang.String,java.lang.String)[pri:0, instance:com.WebShop.TestCases.TC12_DemoShopLoginUsingExcel@480bdb19]" name="DemoLogin" duration-ms="8256" started-at="2022-10-02T17:15:58 IST" data-provider="data-provider" finished-at="2022-10-02T17:16:06 IST">
          <params>
            <param index="0">
              <value>
                <![CDATA[test@champi.com]]>
              </value>
            </param>
            <param index="1">
              <value>
                <![CDATA[test@123]]>
              </value>
            </param>
          </params>
          <reporter-output>
          </reporter-output>
        </test-method> <!-- DemoLogin -->
        <test-method status="PASS" signature="DemoLogin(java.lang.String,java.lang.String)[pri:0, instance:com.WebShop.TestCases.TC12_DemoShopLoginUsingExcel@480bdb19]" name="DemoLogin" duration-ms="8384" started-at="2022-10-02T17:16:06 IST" data-provider="data-provider" finished-at="2022-10-02T17:16:15 IST">
          <params>
            <param index="0">
              <value>
                <![CDATA[gabu@tabu.com]]>
              </value>
            </param>
            <param index="1">
              <value>
                <![CDATA[test@123]]>
              </value>
            </param>
          </params>
          <reporter-output>
          </reporter-output>
        </test-method> <!-- DemoLogin -->
        <test-method status="PASS" signature="DemoLogin(java.lang.String,java.lang.String)[pri:0, instance:com.WebShop.TestCases.TC12_DemoShopLoginUsingExcel@480bdb19]" name="DemoLogin" duration-ms="8518" started-at="2022-10-02T17:16:15 IST" data-provider="data-provider" finished-at="2022-10-02T17:16:23 IST">
          <params>
            <param index="0">
              <value>
                <![CDATA[BOPA@BHAI.com]]>
              </value>
            </param>
            <param index="1">
              <value>
                <![CDATA[test@123]]>
              </value>
            </param>
          </params>
          <reporter-output>
          </reporter-output>
        </test-method> <!-- DemoLogin -->
        <test-method status="PASS" signature="TearDown()[pri:0, instance:com.WebShop.TestCases.TC12_DemoShopLoginUsingExcel@480bdb19]" name="TearDown" is-config="true" duration-ms="614" started-at="2022-10-02T17:16:23 IST" finished-at="2022-10-02T17:16:24 IST">
          <reporter-output>
          </reporter-output>
        </test-method> <!-- TearDown -->
      </class> <!-- com.WebShop.TestCases.TC12_DemoShopLoginUsingExcel -->
      <class name="com.WebShop.TestCases.TC2_LoginValidation">
        <test-method status="PASS" signature="Setup()[pri:0, instance:com.WebShop.TestCases.TC2_LoginValidation@2a556333]" name="Setup" is-config="true" duration-ms="2617" started-at="2022-10-02T17:16:24 IST" finished-at="2022-10-02T17:16:26 IST">
          <reporter-output>
          </reporter-output>
        </test-method> <!-- Setup -->
        <test-method status="PASS" signature="LoginValidation()[pri:0, instance:com.WebShop.TestCases.TC2_LoginValidation@2a556333]" name="LoginValidation" duration-ms="12117" started-at="2022-10-02T17:16:26 IST" description="Login Validation" finished-at="2022-10-02T17:16:38 IST">
          <reporter-output>
          </reporter-output>
        </test-method> <!-- LoginValidation -->
        <test-method status="PASS" signature="TearDown()[pri:0, instance:com.WebShop.TestCases.TC2_LoginValidation@2a556333]" name="TearDown" is-config="true" duration-ms="461" started-at="2022-10-02T17:16:38 IST" finished-at="2022-10-02T17:16:39 IST">
          <reporter-output>
          </reporter-output>
        </test-method> <!-- TearDown -->
      </class> <!-- com.WebShop.TestCases.TC2_LoginValidation -->
      <class name="com.WebShop.TestCases.TC3_LoginHeaderValidation">
        <test-method status="PASS" signature="Setup()[pri:0, instance:com.WebShop.TestCases.TC3_LoginHeaderValidation@3cb1ffe6]" name="Setup" is-config="true" duration-ms="2011" started-at="2022-10-02T17:16:58 IST" finished-at="2022-10-02T17:17:00 IST">
          <reporter-output>
          </reporter-output>
        </test-method> <!-- Setup -->
        <test-method status="PASS" signature="LoginHeaderValidation()[pri:0, instance:com.WebShop.TestCases.TC3_LoginHeaderValidation@3cb1ffe6]" name="LoginHeaderValidation" duration-ms="14808" started-at="2022-10-02T17:17:00 IST" description="Header Validation" finished-at="2022-10-02T17:17:15 IST">
          <reporter-output>
          </reporter-output>
        </test-method> <!-- LoginHeaderValidation -->
        <test-method status="PASS" signature="TearDown()[pri:0, instance:com.WebShop.TestCases.TC3_LoginHeaderValidation@3cb1ffe6]" name="TearDown" is-config="true" duration-ms="480" started-at="2022-10-02T17:17:15 IST" finished-at="2022-10-02T17:17:15 IST">
          <reporter-output>
          </reporter-output>
        </test-method> <!-- TearDown -->
      </class> <!-- com.WebShop.TestCases.TC3_LoginHeaderValidation -->
    </test> <!-- Test -->
  </suite> <!-- Suite -->
</testng-results>
