<?xml version="1.0" encoding="UTF-8"?>
<testsuite xmlns:xsi="http://www.w3.org/2001/XMLSchema-instance" xsi:noNamespaceSchemaLocation="https://maven.apache.org/surefire/maven-surefire-plugin/xsd/surefire-test-report-3.0.xsd" version="3.0" name="TestSuite" time="268.308" tests="16" errors="0" skipped="0" failures="1">
  <properties>
[...]
</properties>
  <testcase name="DataProviderLogin[test@kuna.com, test@123](1)" classname="com.WebShop.TestCases.TC6_DataProviderLogin" time="15.556">
    <system-err><![CDATA[SLF4J: Failed to load class "org.slf4j.impl.StaticLoggerBinder".
SLF4J: Defaulting to no-operation (NOP) logger implementation
SLF4J: See http://www.slf4j.org/codes.html#StaticLoggerBinder for further details.
Starting ChromeDriver 106.0.5249.61 (511755355844955cd3e264779baf0dd38212a4d0-refs/branch-heads/5249@{#569}) on port 42239
Only local connections are allowed.
Please see https://chromedriver.chromium.org/security-considerations for suggestions on keeping ChromeDriver safe.
ChromeDriver was started successfully.
Oct 15, 2022 6:51:29 PM org.openqa.selenium.remote.ProtocolHandshake createSession
INFO: Detected dialect: W3C
Oct 15, 2022 6:51:37 PM com.WebShop.TestCases.TC6_DataProviderLogin DataProviderLogin
INFO: Application URL is Opened
Oct 15, 2022 6:51:37 PM com.WebShop.TestCases.TC6_DataProviderLogin DataProviderLogin
INFO: User Clicks on Loginlnk
Oct 15, 2022 6:51:38 PM com.WebShop.TestCases.TC6_DataProviderLogin DataProviderLogin
INFO: User Enters UserName
Oct 15, 2022 6:51:38 PM com.WebShop.TestCases.TC6_DataProviderLogin DataProviderLogin
INFO: User Enters Password
Oct 15, 2022 6:51:39 PM com.WebShop.TestCases.TC6_DataProviderLogin DataProviderLogin
INFO: User Clicks on LoginButton
Oct 15, 2022 6:51:42 PM com.WebShop.TestCases.TC6_DataProviderLogin DataProviderLogin
INFO: User Clicks on Logout link
Oct 15, 2022 6:51:44 PM com.WebShop.TestCases.TC6_DataProviderLogin DataProviderLogin
INFO: Iteration starts - Clicking for New Login
]]></system-err>
  </testcase>
  <testcase name="DataProviderLogin[test@champi.com, test@123](2)" classname="com.WebShop.TestCases.TC6_DataProviderLogin" time="7.829">
    <system-err><![CDATA[Oct 15, 2022 6:51:45 PM com.WebShop.TestCases.TC6_DataProviderLogin DataProviderLogin
INFO: Application URL is Opened
Oct 15, 2022 6:51:46 PM com.WebShop.TestCases.TC6_DataProviderLogin DataProviderLogin
INFO: User Clicks on Loginlnk
Oct 15, 2022 6:51:46 PM com.WebShop.TestCases.TC6_DataProviderLogin DataProviderLogin
INFO: User Enters UserName
Oct 15, 2022 6:51:46 PM com.WebShop.TestCases.TC6_DataProviderLogin DataProviderLogin
INFO: User Enters Password
Oct 15, 2022 6:51:47 PM com.WebShop.TestCases.TC6_DataProviderLogin DataProviderLogin
INFO: User Clicks on LoginButton
Oct 15, 2022 6:51:50 PM com.WebShop.TestCases.TC6_DataProviderLogin DataProviderLogin
INFO: User Clicks on Logout link
Oct 15, 2022 6:51:52 PM com.WebShop.TestCases.TC6_DataProviderLogin DataProviderLogin
INFO: Iteration starts - Clicking for New Login
]]></system-err>
  </testcase>
  <testcase name="DataProviderLogin[sanju@khudi.com, test@123](3)" classname="com.WebShop.TestCases.TC6_DataProviderLogin" time="10.888">
    <system-err><![CDATA[Oct 15, 2022 6:51:53 PM com.WebShop.TestCases.TC6_DataProviderLogin DataProviderLogin
INFO: Application URL is Opened
Oct 15, 2022 6:51:53 PM com.WebShop.TestCases.TC6_DataProviderLogin DataProviderLogin
INFO: User Clicks on Loginlnk
Oct 15, 2022 6:51:54 PM com.WebShop.TestCases.TC6_DataProviderLogin DataProviderLogin
INFO: User Enters UserName
Oct 15, 2022 6:51:54 PM com.WebShop.TestCases.TC6_DataProviderLogin DataProviderLogin
INFO: User Enters Password
Oct 15, 2022 6:51:57 PM com.WebShop.TestCases.TC6_DataProviderLogin DataProviderLogin
INFO: User Clicks on LoginButton
Oct 15, 2022 6:52:00 PM com.WebShop.TestCases.TC6_DataProviderLogin DataProviderLogin
INFO: User Clicks on Logout link
Oct 15, 2022 6:52:03 PM com.WebShop.TestCases.TC6_DataProviderLogin DataProviderLogin
INFO: Iteration starts - Clicking for New Login
]]></system-err>
  </testcase>
  <testcase name="ProductSelectioPn" classname="com.WebShop.TestCases.TC11_ProductSelectioPn" time="14.387">
    <system-out><![CDATA[The Product List for Selection:[Build your own cheap computer, Build your own computer, Build your own expensive computer, Desktop PC with CDRW, Elite Desktop PC, Simple Computer]
DeskTop Name:Build your own computer
]]></system-out>
    <system-err><![CDATA[Starting ChromeDriver 106.0.5249.61 (511755355844955cd3e264779baf0dd38212a4d0-refs/branch-heads/5249@{#569}) on port 4676
Only local connections are allowed.
Please see https://chromedriver.chromium.org/security-considerations for suggestions on keeping ChromeDriver safe.
ChromeDriver was started successfully.
Oct 15, 2022 6:52:10 PM org.openqa.selenium.remote.ProtocolHandshake createSession
INFO: Detected dialect: W3C
]]></system-err>
  </testcase>
  <testcase name="InvalidLogin" classname="com.WebShop.TestCases.TC8_InvalidLogin" time="10.087">
    <system-out><![CDATA[Invalid Login Text:Login was unsuccessful. Please correct the errors and try again.
The credentials provided are incorrect
 Invalid Login Success
]]></system-out>
    <system-err><![CDATA[[1665840145.049][SEVERE]: Unable to receive message from renderer
Starting ChromeDriver 106.0.5249.61 (511755355844955cd3e264779baf0dd38212a4d0-refs/branch-heads/5249@{#569}) on port 15255
Only local connections are allowed.
Please see https://chromedriver.chromium.org/security-considerations for suggestions on keeping ChromeDriver safe.
ChromeDriver was started successfully.
Oct 15, 2022 6:52:28 PM org.openqa.selenium.remote.ProtocolHandshake createSession
INFO: Detected dialect: W3C
Oct 15, 2022 6:52:36 PM com.WebShop.TestCases.TC8_InvalidLogin InvalidLogin
INFO: Application URL is Opned
Oct 15, 2022 6:52:37 PM com.WebShop.TestCases.TC8_InvalidLogin InvalidLogin
INFO: User Clicks on Login Link
Oct 15, 2022 6:52:38 PM com.WebShop.TestCases.TC8_InvalidLogin InvalidLogin
INFO: User Enters Invalid Credentials
]]></system-err>
  </testcase>
  <testcase name="ProductSelection" classname="com.WebShop.TestCases.TC7_ProductSelection" time="48.886">
    <system-out><![CDATA[The List of Desktop Available in the Site:[Build your own cheap computer, Build your own computer, Build your own expensive computer, Desktop PC with CDRW, Elite Desktop PC, Simple Computer]
Menu Text:Build your own cheap computer
User Clicks on DesktopMenu 
User Clicks on add To Cart to button
The Item is Added By the User Message:The product has been added to your shopping cart
Display the AddToCart page Contain:[Processor *, RAM *, HDD *, Software]
ShoppingCart Product Iist-Header:[Remove, , Product(s), Price, Qty., Total]
The CheckoutText is:Please accept the terms of service before the next step.
Oder Status:Your order has been successfully processed!
Customer Order Number:Order number: 1291808
Clickhere for Order Details:Click here for order details.
User Navigated to Order Details Page
 User Navigated Back to Thank You Page
User Is Landed on HomePage
GabuTabu Logged out From the Application
]]></system-out>
    <system-err><![CDATA[[1665840158.561][SEVERE]: Unable to receive message from renderer
Starting ChromeDriver 106.0.5249.61 (511755355844955cd3e264779baf0dd38212a4d0-refs/branch-heads/5249@{#569}) on port 35581
Only local connections are allowed.
Please see https://chromedriver.chromium.org/security-considerations for suggestions on keeping ChromeDriver safe.
ChromeDriver was started successfully.
Oct 15, 2022 6:52:41 PM org.openqa.selenium.remote.ProtocolHandshake createSession
INFO: Detected dialect: W3C
Oct 15, 2022 6:52:51 PM com.WebShop.TestCases.TC7_ProductSelection ProductSelection
INFO: GabuTbau looged in to the Application
Oct 15, 2022 6:52:53 PM com.WebShop.TestCases.TC7_ProductSelection ProductSelection
INFO: GabuTbau Started Product Selection
Oct 15, 2022 6:52:54 PM com.WebShop.TestCases.TC7_ProductSelection ProductSelection
INFO: GabuTbau Selected the Computer
Oct 15, 2022 6:52:55 PM com.WebShop.TestCases.TC7_ProductSelection ProductSelection
INFO: GabuTbau Selected the DeskTop
Oct 15, 2022 6:53:03 PM com.WebShop.TestCases.TC7_ProductSelection ProductSelection
INFO: GabuTbau Selected the DeskTopMenu-Add to cart 
Oct 15, 2022 6:53:04 PM com.WebShop.TestCases.TC7_ProductSelection ProductSelection
INFO: Gabu selected the Products
Oct 15, 2022 6:53:23 PM com.WebShop.TestCases.TC7_ProductSelection ProductSelection
INFO: Gabu Checked out the Products
]]></system-err>
  </testcase>
  <testcase name="RegisterPageFieldValidation" classname="com.WebShop.TestCases.TC5_RegisterPageFieldValidation" time="6.939">
    <system-out><![CDATA[Application is displaying correct validation error message- FirstName field
Application is displaying correct validation error message- LastName field
Application is displaying Incorrect validation error message- Email field
Application is displaying correct validation error message- Password field
]]></system-out>
    <system-err><![CDATA[[1665840210.536][SEVERE]: Unable to receive message from renderer
Starting ChromeDriver 106.0.5249.61 (511755355844955cd3e264779baf0dd38212a4d0-refs/branch-heads/5249@{#569}) on port 29890
Only local connections are allowed.
Please see https://chromedriver.chromium.org/security-considerations for suggestions on keeping ChromeDriver safe.
ChromeDriver was started successfully.
Oct 15, 2022 6:53:33 PM org.openqa.selenium.remote.ProtocolHandshake createSession
INFO: Detected dialect: W3C
]]></system-err>
  </testcase>
  <testcase name="DemoLogin[test@kuna.com, test@123](1)" classname="com.WebShop.TestCases.TC12_DemoShopLoginUsingExcel" time="11.761">
    <system-out><![CDATA[Row count is:4
 Column Count:2
 Person Info:test@kuna.com
 Person Info:test@123
 Person Info:test@champi.com
 Person Info:test@123
 Person Info:gabu@tabu.com
 Person Info:test@123
 Person Info:BOPA@BHAI.com
 Person Info:test@123
User Clicked on Logout Link
User Clicked on Login Link
]]></system-out>
    <system-err><![CDATA[Starting ChromeDriver 106.0.5249.61 (511755355844955cd3e264779baf0dd38212a4d0-refs/branch-heads/5249@{#569}) on port 5554
Only local connections are allowed.
Please see https://chromedriver.chromium.org/security-considerations for suggestions on keeping ChromeDriver safe.
ChromeDriver was started successfully.
Oct 15, 2022 6:53:42 PM org.openqa.selenium.remote.ProtocolHandshake createSession
INFO: Detected dialect: W3C
Oct 15, 2022 6:53:47 PM com.WebShop.TestCases.TC12_DemoShopLoginUsingExcel DemoLogin
INFO: Application URL is Opened
Oct 15, 2022 6:53:48 PM com.WebShop.TestCases.TC12_DemoShopLoginUsingExcel DemoLogin
INFO: User Clicks on LoginLink
Oct 15, 2022 6:53:52 PM com.WebShop.TestCases.TC12_DemoShopLoginUsingExcel DemoLogin
INFO: User Clicked on Logoutlink
Oct 15, 2022 6:53:52 PM com.WebShop.TestCases.TC12_DemoShopLoginUsingExcel DemoLogin
INFO: User Clicks on Logout link
Oct 15, 2022 6:53:55 PM com.WebShop.TestCases.TC12_DemoShopLoginUsingExcel DemoLogin
INFO: User Clicked on Loginlink
Oct 15, 2022 6:53:55 PM com.WebShop.TestCases.TC12_DemoShopLoginUsingExcel DemoLogin
INFO: Iteration starts - Clicking for New Login
]]></system-err>
  </testcase>
  <testcase name="DemoLogin[test@champi.com, test@123](2)" classname="com.WebShop.TestCases.TC12_DemoShopLoginUsingExcel" time="8.071">
    <system-out><![CDATA[User Clicked on Logout Link
User Clicked on Login Link
]]></system-out>
    <system-err><![CDATA[Oct 15, 2022 6:53:55 PM com.WebShop.TestCases.TC12_DemoShopLoginUsingExcel DemoLogin
INFO: Application URL is Opened
Oct 15, 2022 6:53:56 PM com.WebShop.TestCases.TC12_DemoShopLoginUsingExcel DemoLogin
INFO: User Clicks on LoginLink
Oct 15, 2022 6:54:00 PM com.WebShop.TestCases.TC12_DemoShopLoginUsingExcel DemoLogin
INFO: User Clicked on Logoutlink
Oct 15, 2022 6:54:00 PM com.WebShop.TestCases.TC12_DemoShopLoginUsingExcel DemoLogin
INFO: User Clicks on Logout link
Oct 15, 2022 6:54:03 PM com.WebShop.TestCases.TC12_DemoShopLoginUsingExcel DemoLogin
INFO: User Clicked on Loginlink
Oct 15, 2022 6:54:03 PM com.WebShop.TestCases.TC12_DemoShopLoginUsingExcel DemoLogin
INFO: Iteration starts - Clicking for New Login
]]></system-err>
  </testcase>
  <testcase name="DemoLogin[gabu@tabu.com, test@123](3)" classname="com.WebShop.TestCases.TC12_DemoShopLoginUsingExcel" time="8.614">
    <system-out><![CDATA[User Clicked on Logout Link
User Clicked on Login Link
]]></system-out>
    <system-err><![CDATA[Oct 15, 2022 6:54:04 PM com.WebShop.TestCases.TC12_DemoShopLoginUsingExcel DemoLogin
INFO: Application URL is Opened
Oct 15, 2022 6:54:04 PM com.WebShop.TestCases.TC12_DemoShopLoginUsingExcel DemoLogin
INFO: User Clicks on LoginLink
Oct 15, 2022 6:54:09 PM com.WebShop.TestCases.TC12_DemoShopLoginUsingExcel DemoLogin
INFO: User Clicked on Logoutlink
Oct 15, 2022 6:54:09 PM com.WebShop.TestCases.TC12_DemoShopLoginUsingExcel DemoLogin
INFO: User Clicks on Logout link
Oct 15, 2022 6:54:11 PM com.WebShop.TestCases.TC12_DemoShopLoginUsingExcel DemoLogin
INFO: User Clicked on Loginlink
Oct 15, 2022 6:54:11 PM com.WebShop.TestCases.TC12_DemoShopLoginUsingExcel DemoLogin
INFO: Iteration starts - Clicking for New Login
]]></system-err>
  </testcase>
  <testcase name="DemoLogin[BOPA@BHAI.com, test@123](4)" classname="com.WebShop.TestCases.TC12_DemoShopLoginUsingExcel" time="10.047">
    <system-out><![CDATA[User Clicked on Logout Link
User Clicked on Login Link
]]></system-out>
    <system-err><![CDATA[Oct 15, 2022 6:54:12 PM com.WebShop.TestCases.TC12_DemoShopLoginUsingExcel DemoLogin
INFO: Application URL is Opened
Oct 15, 2022 6:54:14 PM com.WebShop.TestCases.TC12_DemoShopLoginUsingExcel DemoLogin
INFO: User Clicks on LoginLink
Oct 15, 2022 6:54:19 PM com.WebShop.TestCases.TC12_DemoShopLoginUsingExcel DemoLogin
INFO: User Clicked on Logoutlink
Oct 15, 2022 6:54:19 PM com.WebShop.TestCases.TC12_DemoShopLoginUsingExcel DemoLogin
INFO: User Clicks on Logout link
Oct 15, 2022 6:54:22 PM com.WebShop.TestCases.TC12_DemoShopLoginUsingExcel DemoLogin
INFO: User Clicked on Loginlink
Oct 15, 2022 6:54:22 PM com.WebShop.TestCases.TC12_DemoShopLoginUsingExcel DemoLogin
INFO: Iteration starts - Clicking for New Login
]]></system-err>
  </testcase>
  <testcase name="LoginValidation" classname="com.WebShop.TestCases.TC2_LoginValidation" time="12.16">
    <system-out><![CDATA[Display Actual Value[Sitemap, Shipping & Returns, Privacy Notice, Conditions of Use, About us, Contact us]
Display Expected Value[Sitemap, Shipping & Returns, Privacy Notice, Conditions of Use, About us, Contact us]
 Information Footer text are matching
Display Actual Value[Search, News, Blog, Recently viewed products, Compare products list, New products]
Display Expected Value[Search, News, Blog, Recently viewed products, Compare products list, New products]
 Customer Service Footer text are matching
Display Actual Value[My account, Orders, Addresses, Shopping cart, Wishlist]
Display Expected Value[My account, Orders, Addresses, Shopping cart, Wishlist]
 My Accounts Footer text are matching
Display Actual Value[Facebook, Twitter, RSS, YouTube, Google+]
Display Expected Value[Facebook, Twitter, RSS, YouTube, Google+]
 Follow Us Footer text are matching
 DemoWebShop Image is displaying
]]></system-out>
    <system-err><![CDATA[Starting ChromeDriver 106.0.5249.61 (511755355844955cd3e264779baf0dd38212a4d0-refs/branch-heads/5249@{#569}) on port 9394
Only local connections are allowed.
Please see https://chromedriver.chromium.org/security-considerations for suggestions on keeping ChromeDriver safe.
ChromeDriver was started successfully.
Oct 15, 2022 6:54:24 PM org.openqa.selenium.remote.ProtocolHandshake createSession
INFO: Detected dialect: W3C
Oct 15, 2022 6:54:25 PM com.WebShop.TestCases.TC2_LoginValidation LoginValidation
INFO: Welcome to DemoWebShop Login Page
Oct 15, 2022 6:54:36 PM com.WebShop.TestCases.TC2_LoginValidation LoginValidation
INFO: Information footer text are verified
Oct 15, 2022 6:54:36 PM com.WebShop.TestCases.TC2_LoginValidation LoginValidation
INFO: Customer Service footer text are verified
Oct 15, 2022 6:54:36 PM com.WebShop.TestCases.TC2_LoginValidation LoginValidation
INFO: My Account footer text are verified
Oct 15, 2022 6:54:37 PM com.WebShop.TestCases.TC2_LoginValidation LoginValidation
INFO: Follow Us footer text are verified
Oct 15, 2022 6:54:37 PM com.WebShop.TestCases.TC2_LoginValidation LoginValidation
INFO: Image Display Validation
]]></system-err>
  </testcase>
  <testcase name="LOGINTEST" classname="com.WebShop.TestCases.TC1_LOGIN" time="10.692">
    <system-out><![CDATA[User Logged in to The Application using UserID:gabu@tabu.com
]]></system-out>
    <system-err><![CDATA[Starting ChromeDriver 106.0.5249.61 (511755355844955cd3e264779baf0dd38212a4d0-refs/branch-heads/5249@{#569}) on port 47415
Only local connections are allowed.
Please see https://chromedriver.chromium.org/security-considerations for suggestions on keeping ChromeDriver safe.
ChromeDriver was started successfully.
Oct 15, 2022 6:54:39 PM org.openqa.selenium.remote.ProtocolHandshake createSession
INFO: Detected dialect: W3C
Oct 15, 2022 6:54:40 PM com.WebShop.TestCases.TC1_LOGIN LOGINTEST
INFO: Welcome to DemoWebShop Login Page
Oct 15, 2022 6:54:48 PM com.WebShop.TestCases.TC1_LOGIN LOGINTEST
INFO: Login Page is displayed
Oct 15, 2022 6:54:48 PM com.WebShop.TestCases.TC1_LOGIN LOGINTEST
INFO: Application URL is opned
Oct 15, 2022 6:54:48 PM com.WebShop.TestCases.TC1_LOGIN LOGINTEST
INFO: UserName is Entered
Oct 15, 2022 6:54:48 PM com.WebShop.TestCases.TC1_LOGIN LOGINTEST
INFO: Password is Entered
Oct 15, 2022 6:54:49 PM com.WebShop.TestCases.TC1_LOGIN LOGINTEST
INFO: User Loggged in Successfully
Oct 15, 2022 6:54:49 PM com.WebShop.TestCases.TC1_LOGIN LOGINTEST
INFO: User Logged in Using the Account Name
Oct 15, 2022 6:54:49 PM com.WebShop.TestCases.TC1_LOGIN LOGINTEST
INFO: User Logged out Successfully
]]></system-err>
  </testcase>
  <testcase name="LoginHeaderValidation" classname="com.WebShop.TestCases.TC3_LoginHeaderValidation" time="9.849">
    <system-out><![CDATA[Expected Header Text are:[BOOKS, COMPUTERS, ELECTRONICS, APPAREL & SHOES, DIGITAL DOWNLOADS, JEWELRY, GIFT CARDS]
Actual Header Text are:[BOOKS, COMPUTERS, , , , ELECTRONICS, , , APPAREL & SHOES, DIGITAL DOWNLOADS, JEWELRY, GIFT CARDS]
 Header Text are matching in DemoWebShop
]]></system-out>
    <system-err><![CDATA[Starting ChromeDriver 106.0.5249.61 (511755355844955cd3e264779baf0dd38212a4d0-refs/branch-heads/5249@{#569}) on port 25411
Only local connections are allowed.
Please see https://chromedriver.chromium.org/security-considerations for suggestions on keeping ChromeDriver safe.
ChromeDriver was started successfully.
Oct 15, 2022 6:54:53 PM org.openqa.selenium.remote.ProtocolHandshake createSession
INFO: Detected dialect: W3C
Oct 15, 2022 6:54:59 PM com.WebShop.TestCases.TC3_LoginHeaderValidation LoginHeaderValidation
INFO: Application URL is Opened
Oct 15, 2022 6:55:00 PM com.WebShop.TestCases.TC3_LoginHeaderValidation LoginHeaderValidation
INFO: User Credentials are Entered
Oct 15, 2022 6:55:01 PM com.WebShop.TestCases.TC3_LoginHeaderValidation LoginHeaderValidation
INFO: User Clicks on LoginButton
Oct 15, 2022 6:55:03 PM com.WebShop.TestCases.TC3_LoginHeaderValidation LoginHeaderValidation
INFO: Header Text are Validated Successfully
]]></system-err>
  </testcase>
  <testcase name="SearchPageValidation" classname="com.WebShop.TestCases.TC13_SearchPageValidation" time="12.445">
    <system-out><![CDATA[Expected Header Text should be:[Register, Log in, Shopping cart(0) , Wishlist (0)]
Actual Header Text Should be:[Register, Log in, Shopping cart
(0), Wishlist
(0)]
Header Text are not matching
]]></system-out>
    <system-err><![CDATA[[1665840303.474][SEVERE]: Unable to receive message from renderer
Starting ChromeDriver 106.0.5249.61 (511755355844955cd3e264779baf0dd38212a4d0-refs/branch-heads/5249@{#569}) on port 30373
Only local connections are allowed.
Please see https://chromedriver.chromium.org/security-considerations for suggestions on keeping ChromeDriver safe.
ChromeDriver was started successfully.
Oct 15, 2022 6:55:06 PM org.openqa.selenium.remote.ProtocolHandshake createSession
INFO: Detected dialect: W3C
Oct 15, 2022 6:55:06 PM com.WebShop.TestCases.TC13_SearchPageValidation SearchPageValidation
INFO: Welcome to DemoWebShop Login Page
Oct 15, 2022 6:55:16 PM com.WebShop.TestCases.TC13_SearchPageValidation SearchPageValidation
INFO: User Enters the Seach Text
Oct 15, 2022 6:55:17 PM com.WebShop.TestCases.TC13_SearchPageValidation SearchPageValidation
INFO: User Clicked on Search Button
Oct 15, 2022 6:55:18 PM com.WebShop.TestCases.TC13_SearchPageValidation SearchPageValidation
INFO: Search Page Title Validated
Oct 15, 2022 6:55:18 PM com.WebShop.TestCases.TC13_SearchPageValidation SearchPageValidation
INFO: Header Text are Validated
]]></system-err>
  </testcase>
  <testcase name="HomePageLinks" classname="com.WebShop.TestCases.TC14_HomePageBrokenlinks" time="18.879">
    <failure message="no protocol: " type="java.net.MalformedURLException"><![CDATA[java.net.MalformedURLException: no protocol: 
	at java.net.URL.<init>(URL.java:610)
	at java.net.URL.<init>(URL.java:507)
	at java.net.URL.<init>(URL.java:456)
	at PageObjects.HomePagelinks.HomePageLinks(HomePagelinks.java:35)
	at com.WebShop.TestCases.TC14_HomePageBrokenlinks.HomePageLinks(TC14_HomePageBrokenlinks.java:20)
	at sun.reflect.NativeMethodAccessorImpl.invoke0(Native Method)
	at sun.reflect.NativeMethodAccessorImpl.invoke(NativeMethodAccessorImpl.java:62)
	at sun.reflect.DelegatingMethodAccessorImpl.invoke(DelegatingMethodAccessorImpl.java:43)
	at java.lang.reflect.Method.invoke(Method.java:498)
	at org.testng.internal.MethodInvocationHelper.invokeMethod(MethodInvocationHelper.java:133)
	at org.testng.internal.TestInvoker.invokeMethod(TestInvoker.java:598)
	at org.testng.internal.TestInvoker.invokeTestMethod(TestInvoker.java:173)
	at org.testng.internal.MethodRunner.runInSequence(MethodRunner.java:46)
	at org.testng.internal.TestInvoker$MethodInvocationAgent.invoke(TestInvoker.java:824)
	at org.testng.internal.TestInvoker.invokeTestMethods(TestInvoker.java:146)
	at org.testng.internal.TestMethodWorker.invokeTestMethods(TestMethodWorker.java:146)
	at org.testng.internal.TestMethodWorker.run(TestMethodWorker.java:128)
	at java.util.ArrayList.forEach(ArrayList.java:1257)
	at org.testng.TestRunner.privateRun(TestRunner.java:794)
	at org.testng.TestRunner.run(TestRunner.java:596)
	at org.testng.SuiteRunner.runTest(SuiteRunner.java:377)
	at org.testng.SuiteRunner.runSequentially(SuiteRunner.java:371)
	at org.testng.SuiteRunner.privateRun(SuiteRunner.java:332)
	at org.testng.SuiteRunner.run(SuiteRunner.java:276)
	at org.testng.SuiteRunnerWorker.runSuite(SuiteRunnerWorker.java:53)
	at org.testng.SuiteRunnerWorker.run(SuiteRunnerWorker.java:96)
	at org.testng.TestNG.runSuitesSequentially(TestNG.java:1212)
	at org.testng.TestNG.runSuitesLocally(TestNG.java:1134)
	at org.testng.TestNG.runSuites(TestNG.java:1063)
	at org.testng.TestNG.run(TestNG.java:1031)
	at org.apache.maven.surefire.testng.TestNGExecutor.run(TestNGExecutor.java:324)
	at org.apache.maven.surefire.testng.TestNGXmlTestSuite.execute(TestNGXmlTestSuite.java:74)
	at org.apache.maven.surefire.testng.TestNGProvider.invoke(TestNGProvider.java:123)
	at org.apache.maven.surefire.booter.ForkedBooter.runSuitesInProcess(ForkedBooter.java:456)
	at org.apache.maven.surefire.booter.ForkedBooter.execute(ForkedBooter.java:169)
	at org.apache.maven.surefire.booter.ForkedBooter.run(ForkedBooter.java:595)
	at org.apache.maven.surefire.booter.ForkedBooter.main(ForkedBooter.java:581)
]]></failure>
    <system-out><![CDATA[Number of links:95
 The Homepage Link is:https://demowebshop.tricentis.com/
https://demowebshop.tricentis.com/-OK
 The Homepage Link is:https://demowebshop.tricentis.com/register
https://demowebshop.tricentis.com/register-OK
 The Homepage Link is:https://demowebshop.tricentis.com/login
https://demowebshop.tricentis.com/login-OK
 The Homepage Link is:https://demowebshop.tricentis.com/cart
https://demowebshop.tricentis.com/cart-OK
 The Homepage Link is:https://demowebshop.tricentis.com/wishlist
https://demowebshop.tricentis.com/wishlist-OK
 The Homepage Link is:https://demowebshop.tricentis.com/books
https://demowebshop.tricentis.com/books-OK
 The Homepage Link is:https://demowebshop.tricentis.com/computers
https://demowebshop.tricentis.com/computers-OK
 The Homepage Link is:https://demowebshop.tricentis.com/desktops
https://demowebshop.tricentis.com/desktops-OK
 The Homepage Link is:https://demowebshop.tricentis.com/notebooks
https://demowebshop.tricentis.com/notebooks-OK
 The Homepage Link is:https://demowebshop.tricentis.com/accessories
https://demowebshop.tricentis.com/accessories-OK
 The Homepage Link is:https://demowebshop.tricentis.com/electronics
https://demowebshop.tricentis.com/electronics-OK
 The Homepage Link is:https://demowebshop.tricentis.com/camera-photo
https://demowebshop.tricentis.com/camera-photo-OK
 The Homepage Link is:https://demowebshop.tricentis.com/cell-phones
https://demowebshop.tricentis.com/cell-phones-OK
 The Homepage Link is:https://demowebshop.tricentis.com/apparel-shoes
https://demowebshop.tricentis.com/apparel-shoes-OK
 The Homepage Link is:https://demowebshop.tricentis.com/digital-downloads
https://demowebshop.tricentis.com/digital-downloads-OK
 The Homepage Link is:https://demowebshop.tricentis.com/jewelry
https://demowebshop.tricentis.com/jewelry-OK
 The Homepage Link is:https://demowebshop.tricentis.com/gift-cards
https://demowebshop.tricentis.com/gift-cards-OK
 The Homepage Link is:
]]></system-out>
    <system-err><![CDATA[[1665840318.695][SEVERE]: Unable to receive message from renderer
Starting ChromeDriver 106.0.5249.61 (511755355844955cd3e264779baf0dd38212a4d0-refs/branch-heads/5249@{#569}) on port 17340
Only local connections are allowed.
Please see https://chromedriver.chromium.org/security-considerations for suggestions on keeping ChromeDriver safe.
ChromeDriver was started successfully.
Oct 15, 2022 6:55:20 PM org.openqa.selenium.remote.ProtocolHandshake createSession
INFO: Detected dialect: W3C
Oct 15, 2022 6:55:20 PM com.WebShop.TestCases.TC14_HomePageBrokenlinks HomePageLinks
INFO: Welcome to DemoWebShop Login Page
]]></system-err>
  </testcase>
</testsuite>