<?xml version="1.0" encoding="UTF-8"?>
<testsuite xmlns:xsi="http://www.w3.org/2001/XMLSchema-instance" xsi:noNamespaceSchemaLocation="https://maven.apache.org/surefire/maven-surefire-plugin/xsd/surefire-test-report-3.0.xsd" version="3.0" name="TestSuite" time="246.692" tests="14" errors="0" skipped="0" failures="0">
  <properties>
[...]
</properties>
  <testcase name="DataProviderLogin[test@kuna.com, test@123](1)" classname="com.WebShop.TestCases.TC6_DataProviderLogin" time="12.165">
    <system-err><![CDATA[SLF4J: Failed to load class "org.slf4j.impl.StaticLoggerBinder".
SLF4J: Defaulting to no-operation (NOP) logger implementation
SLF4J: See http://www.slf4j.org/codes.html#StaticLoggerBinder for further details.
Starting ChromeDriver 106.0.5249.61 (511755355844955cd3e264779baf0dd38212a4d0-refs/branch-heads/5249@{#569}) on port 26325
Only local connections are allowed.
Please see https://chromedriver.chromium.org/security-considerations for suggestions on keeping ChromeDriver safe.
ChromeDriver was started successfully.
Oct 02, 2022 5:13:23 PM org.openqa.selenium.remote.ProtocolHandshake createSession
INFO: Detected dialect: W3C
Oct 02, 2022 5:13:28 PM com.WebShop.TestCases.TC6_DataProviderLogin DataProviderLogin
INFO: Application URL is Opened
Oct 02, 2022 5:13:29 PM com.WebShop.TestCases.TC6_DataProviderLogin DataProviderLogin
INFO: User Clicks on Loginlnk
Oct 02, 2022 5:13:29 PM com.WebShop.TestCases.TC6_DataProviderLogin DataProviderLogin
INFO: User Enters UserName
Oct 02, 2022 5:13:30 PM com.WebShop.TestCases.TC6_DataProviderLogin DataProviderLogin
INFO: User Enters Password
Oct 02, 2022 5:13:31 PM com.WebShop.TestCases.TC6_DataProviderLogin DataProviderLogin
INFO: User Clicks on LoginButton
Oct 02, 2022 5:13:34 PM com.WebShop.TestCases.TC6_DataProviderLogin DataProviderLogin
INFO: User Clicks on Logout link
Oct 02, 2022 5:13:36 PM com.WebShop.TestCases.TC6_DataProviderLogin DataProviderLogin
INFO: Iteration starts - Clicking for New Login
]]></system-err>
  </testcase>
  <testcase name="DataProviderLogin[test@champi.com, test@123](2)" classname="com.WebShop.TestCases.TC6_DataProviderLogin" time="8.095">
    <system-err><![CDATA[Oct 02, 2022 5:13:37 PM com.WebShop.TestCases.TC6_DataProviderLogin DataProviderLogin
INFO: Application URL is Opened
Oct 02, 2022 5:13:37 PM com.WebShop.TestCases.TC6_DataProviderLogin DataProviderLogin
INFO: User Clicks on Loginlnk
Oct 02, 2022 5:13:37 PM com.WebShop.TestCases.TC6_DataProviderLogin DataProviderLogin
INFO: User Enters UserName
Oct 02, 2022 5:13:38 PM com.WebShop.TestCases.TC6_DataProviderLogin DataProviderLogin
INFO: User Enters Password
Oct 02, 2022 5:13:39 PM com.WebShop.TestCases.TC6_DataProviderLogin DataProviderLogin
INFO: User Clicks on LoginButton
Oct 02, 2022 5:13:41 PM com.WebShop.TestCases.TC6_DataProviderLogin DataProviderLogin
INFO: User Clicks on Logout link
Oct 02, 2022 5:13:44 PM com.WebShop.TestCases.TC6_DataProviderLogin DataProviderLogin
INFO: Iteration starts - Clicking for New Login
]]></system-err>
  </testcase>
  <testcase name="DataProviderLogin[sanju@khudi.com, test@123](3)" classname="com.WebShop.TestCases.TC6_DataProviderLogin" time="9.067">
    <system-err><![CDATA[Oct 02, 2022 5:13:45 PM com.WebShop.TestCases.TC6_DataProviderLogin DataProviderLogin
INFO: Application URL is Opened
Oct 02, 2022 5:13:46 PM com.WebShop.TestCases.TC6_DataProviderLogin DataProviderLogin
INFO: User Clicks on Loginlnk
Oct 02, 2022 5:13:46 PM com.WebShop.TestCases.TC6_DataProviderLogin DataProviderLogin
INFO: User Enters UserName
Oct 02, 2022 5:13:47 PM com.WebShop.TestCases.TC6_DataProviderLogin DataProviderLogin
INFO: User Enters Password
Oct 02, 2022 5:13:48 PM com.WebShop.TestCases.TC6_DataProviderLogin DataProviderLogin
INFO: User Clicks on LoginButton
Oct 02, 2022 5:13:51 PM com.WebShop.TestCases.TC6_DataProviderLogin DataProviderLogin
INFO: User Clicks on Logout link
Oct 02, 2022 5:13:53 PM com.WebShop.TestCases.TC6_DataProviderLogin DataProviderLogin
INFO: Iteration starts - Clicking for New Login
]]></system-err>
  </testcase>
  <testcase name="ProductSelectioPn" classname="com.WebShop.TestCases.TC11_ProductSelectioPn" time="21.345">
    <system-out><![CDATA[The Product List for Selection:[Build your own cheap computer, Build your own computer, Build your own expensive computer, Desktop PC with CDRW, Elite Desktop PC, Simple Computer]
DeskTop Name:Build your own computer
]]></system-out>
    <system-err><![CDATA[[1664711033.844][SEVERE]: Unable to receive message from renderer
Starting ChromeDriver 106.0.5249.61 (511755355844955cd3e264779baf0dd38212a4d0-refs/branch-heads/5249@{#569}) on port 25488
Only local connections are allowed.
Please see https://chromedriver.chromium.org/security-considerations for suggestions on keeping ChromeDriver safe.
ChromeDriver was started successfully.
Oct 02, 2022 5:14:00 PM org.openqa.selenium.remote.ProtocolHandshake createSession
INFO: Detected dialect: W3C
]]></system-err>
  </testcase>
  <testcase name="InvalidLogin" classname="com.WebShop.TestCases.TC8_InvalidLogin" time="6.286">
    <system-out><![CDATA[Invalid Login Text:Login was unsuccessful. Please correct the errors and try again.
The credentials provided are incorrect
 Invalid Login Success
]]></system-out>
    <system-err><![CDATA[[1664711062.350][SEVERE]: Unable to receive message from renderer
Starting ChromeDriver 106.0.5249.61 (511755355844955cd3e264779baf0dd38212a4d0-refs/branch-heads/5249@{#569}) on port 44328
Only local connections are allowed.
Please see https://chromedriver.chromium.org/security-considerations for suggestions on keeping ChromeDriver safe.
ChromeDriver was started successfully.
Oct 02, 2022 5:14:28 PM org.openqa.selenium.remote.ProtocolHandshake createSession
INFO: Detected dialect: W3C
Oct 02, 2022 5:14:33 PM com.WebShop.TestCases.TC8_InvalidLogin InvalidLogin
INFO: Application URL is Opned
Oct 02, 2022 5:14:34 PM com.WebShop.TestCases.TC8_InvalidLogin InvalidLogin
INFO: User Clicks on Login Link
Oct 02, 2022 5:14:35 PM com.WebShop.TestCases.TC8_InvalidLogin InvalidLogin
INFO: User Enters Invalid Credentials
]]></system-err>
  </testcase>
  <testcase name="ProductSelection" classname="com.WebShop.TestCases.TC7_ProductSelection" time="50.481">
    <system-out><![CDATA[The List of Desktop Available in the Site:[Build your own cheap computer, Build your own computer, Build your own expensive computer, Desktop PC with CDRW, Elite Desktop PC, Simple Computer]
Menu Text:Build your own cheap computer
User Clicks on DesktopMenu 
User Clicks on add To Cart to button
The Item is Added By the User Message:The product has been added to your shopping cart
Display the AddToCart page Contain:[Processor *, RAM *, HDD *, Software]
ShoppingCart Product Iist-Header:[Remove, , Product(s), Price, Qty., Total]
The CheckoutText is:Please accept the terms of service before the next step.
Oder Status:Your order has been successfully processed!
Customer Order Number:Order number: 1276097
Clickhere for Order Details:Click here for order details.
User Navigated to Order Details Page
 User Navigated Back to Thank You Page
User Is Landed on HomePage
GabuTabu Logged out From the Application
]]></system-out>
    <system-err><![CDATA[[1664711075.374][SEVERE]: Unable to receive message from renderer
Starting ChromeDriver 106.0.5249.61 (511755355844955cd3e264779baf0dd38212a4d0-refs/branch-heads/5249@{#569}) on port 31638
Only local connections are allowed.
Please see https://chromedriver.chromium.org/security-considerations for suggestions on keeping ChromeDriver safe.
ChromeDriver was started successfully.
Oct 02, 2022 5:14:37 PM org.openqa.selenium.remote.ProtocolHandshake createSession
INFO: Detected dialect: W3C
Oct 02, 2022 5:14:48 PM com.WebShop.TestCases.TC7_ProductSelection ProductSelection
INFO: GabuTbau looged in to the Application
Oct 02, 2022 5:14:50 PM com.WebShop.TestCases.TC7_ProductSelection ProductSelection
INFO: GabuTbau Started Product Selection
Oct 02, 2022 5:14:51 PM com.WebShop.TestCases.TC7_ProductSelection ProductSelection
INFO: GabuTbau Selected the Computer
Oct 02, 2022 5:14:53 PM com.WebShop.TestCases.TC7_ProductSelection ProductSelection
INFO: GabuTbau Selected the DeskTop
Oct 02, 2022 5:15:01 PM com.WebShop.TestCases.TC7_ProductSelection ProductSelection
INFO: GabuTbau Selected the DeskTopMenu-Add to cart 
Oct 02, 2022 5:15:02 PM com.WebShop.TestCases.TC7_ProductSelection ProductSelection
INFO: Gabu selected the Products
Oct 02, 2022 5:15:22 PM com.WebShop.TestCases.TC7_ProductSelection ProductSelection
INFO: Gabu Checked out the Products
]]></system-err>
  </testcase>
  <testcase name="RegisterPageFieldValidation" classname="com.WebShop.TestCases.TC5_RegisterPageFieldValidation" time="7.36">
    <system-out><![CDATA[Application is displaying correct validation error message- FirstName field
Application is displaying correct validation error message- LastName field
Application is displaying Incorrect validation error message- Email field
Application is displaying correct validation error message- Password field
]]></system-out>
    <system-err><![CDATA[[1664711128.655][SEVERE]: Unable to receive message from renderer
Starting ChromeDriver 106.0.5249.61 (511755355844955cd3e264779baf0dd38212a4d0-refs/branch-heads/5249@{#569}) on port 3887
Only local connections are allowed.
Please see https://chromedriver.chromium.org/security-considerations for suggestions on keeping ChromeDriver safe.
ChromeDriver was started successfully.
Oct 02, 2022 5:15:31 PM org.openqa.selenium.remote.ProtocolHandshake createSession
INFO: Detected dialect: W3C
]]></system-err>
  </testcase>
  <testcase name="DemoLogin[test@kuna.com, test@123](1)" classname="com.WebShop.TestCases.TC12_DemoShopLoginUsingExcel" time="12.949">
    <system-out><![CDATA[Row count is:4
 Column Count:2
 Person Info:test@kuna.com
 Person Info:test@123
 Person Info:test@champi.com
 Person Info:test@123
 Person Info:gabu@tabu.com
 Person Info:test@123
 Person Info:BOPA@BHAI.com
 Person Info:test@123
User Clicked on Logout Link
User Clicked on Login Link
]]></system-out>
    <system-err><![CDATA[[1664711139.292][SEVERE]: Unable to receive message from renderer
Starting ChromeDriver 106.0.5249.61 (511755355844955cd3e264779baf0dd38212a4d0-refs/branch-heads/5249@{#569}) on port 25142
Only local connections are allowed.
Please see https://chromedriver.chromium.org/security-considerations for suggestions on keeping ChromeDriver safe.
ChromeDriver was started successfully.
Oct 02, 2022 5:15:41 PM org.openqa.selenium.remote.ProtocolHandshake createSession
INFO: Detected dialect: W3C
Oct 02, 2022 5:15:50 PM com.WebShop.TestCases.TC12_DemoShopLoginUsingExcel DemoLogin
INFO: Application URL is Opened
Oct 02, 2022 5:15:51 PM com.WebShop.TestCases.TC12_DemoShopLoginUsingExcel DemoLogin
INFO: User Clicks on LoginLink
Oct 02, 2022 5:15:55 PM com.WebShop.TestCases.TC12_DemoShopLoginUsingExcel DemoLogin
INFO: User Clicked on Logoutlink
Oct 02, 2022 5:15:55 PM com.WebShop.TestCases.TC12_DemoShopLoginUsingExcel DemoLogin
INFO: User Clicks on Logout link
Oct 02, 2022 5:15:58 PM com.WebShop.TestCases.TC12_DemoShopLoginUsingExcel DemoLogin
INFO: User Clicked on Loginlink
Oct 02, 2022 5:15:58 PM com.WebShop.TestCases.TC12_DemoShopLoginUsingExcel DemoLogin
INFO: Iteration starts - Clicking for New Login
]]></system-err>
  </testcase>
  <testcase name="DemoLogin[test@champi.com, test@123](2)" classname="com.WebShop.TestCases.TC12_DemoShopLoginUsingExcel" time="8.255">
    <system-out><![CDATA[User Clicked on Logout Link
User Clicked on Login Link
]]></system-out>
    <system-err><![CDATA[Oct 02, 2022 5:15:59 PM com.WebShop.TestCases.TC12_DemoShopLoginUsingExcel DemoLogin
INFO: Application URL is Opened
Oct 02, 2022 5:15:59 PM com.WebShop.TestCases.TC12_DemoShopLoginUsingExcel DemoLogin
INFO: User Clicks on LoginLink
Oct 02, 2022 5:16:04 PM com.WebShop.TestCases.TC12_DemoShopLoginUsingExcel DemoLogin
INFO: User Clicked on Logoutlink
Oct 02, 2022 5:16:04 PM com.WebShop.TestCases.TC12_DemoShopLoginUsingExcel DemoLogin
INFO: User Clicks on Logout link
Oct 02, 2022 5:16:06 PM com.WebShop.TestCases.TC12_DemoShopLoginUsingExcel DemoLogin
INFO: User Clicked on Loginlink
Oct 02, 2022 5:16:06 PM com.WebShop.TestCases.TC12_DemoShopLoginUsingExcel DemoLogin
INFO: Iteration starts - Clicking for New Login
]]></system-err>
  </testcase>
  <testcase name="DemoLogin[gabu@tabu.com, test@123](3)" classname="com.WebShop.TestCases.TC12_DemoShopLoginUsingExcel" time="8.385">
    <system-out><![CDATA[User Clicked on Logout Link
User Clicked on Login Link
]]></system-out>
    <system-err><![CDATA[Oct 02, 2022 5:16:07 PM com.WebShop.TestCases.TC12_DemoShopLoginUsingExcel DemoLogin
INFO: Application URL is Opened
Oct 02, 2022 5:16:07 PM com.WebShop.TestCases.TC12_DemoShopLoginUsingExcel DemoLogin
INFO: User Clicks on LoginLink
Oct 02, 2022 5:16:12 PM com.WebShop.TestCases.TC12_DemoShopLoginUsingExcel DemoLogin
INFO: User Clicked on Logoutlink
Oct 02, 2022 5:16:12 PM com.WebShop.TestCases.TC12_DemoShopLoginUsingExcel DemoLogin
INFO: User Clicks on Logout link
Oct 02, 2022 5:16:15 PM com.WebShop.TestCases.TC12_DemoShopLoginUsingExcel DemoLogin
INFO: User Clicked on Loginlink
Oct 02, 2022 5:16:15 PM com.WebShop.TestCases.TC12_DemoShopLoginUsingExcel DemoLogin
INFO: Iteration starts - Clicking for New Login
]]></system-err>
  </testcase>
  <testcase name="DemoLogin[BOPA@BHAI.com, test@123](4)" classname="com.WebShop.TestCases.TC12_DemoShopLoginUsingExcel" time="8.519">
    <system-out><![CDATA[User Clicked on Logout Link
User Clicked on Login Link
]]></system-out>
    <system-err><![CDATA[Oct 02, 2022 5:16:15 PM com.WebShop.TestCases.TC12_DemoShopLoginUsingExcel DemoLogin
INFO: Application URL is Opened
Oct 02, 2022 5:16:16 PM com.WebShop.TestCases.TC12_DemoShopLoginUsingExcel DemoLogin
INFO: User Clicks on LoginLink
Oct 02, 2022 5:16:20 PM com.WebShop.TestCases.TC12_DemoShopLoginUsingExcel DemoLogin
INFO: User Clicked on Logoutlink
Oct 02, 2022 5:16:20 PM com.WebShop.TestCases.TC12_DemoShopLoginUsingExcel DemoLogin
INFO: User Clicks on Logout link
Oct 02, 2022 5:16:23 PM com.WebShop.TestCases.TC12_DemoShopLoginUsingExcel DemoLogin
INFO: User Clicked on Loginlink
Oct 02, 2022 5:16:23 PM com.WebShop.TestCases.TC12_DemoShopLoginUsingExcel DemoLogin
INFO: Iteration starts - Clicking for New Login
]]></system-err>
  </testcase>
  <testcase name="LoginValidation" classname="com.WebShop.TestCases.TC2_LoginValidation" time="12.112">
    <system-out><![CDATA[Display Actual Value[Sitemap, Shipping & Returns, Privacy Notice, Conditions of Use, About us, Contact us]
Display Expected Value[Sitemap, Shipping & Returns, Privacy Notice, Conditions of Use, About us, Contact us]
 Information Footer text are matching
Display Actual Value[Search, News, Blog, Recently viewed products, Compare products list, New products]
Display Expected Value[Search, News, Blog, Recently viewed products, Compare products list, New products]
 Customer Service Footer text are matching
Display Actual Value[My account, Orders, Addresses, Shopping cart, Wishlist]
Display Expected Value[My account, Orders, Addresses, Shopping cart, Wishlist]
 My Accounts Footer text are matching
Display Actual Value[Facebook, Twitter, RSS, YouTube, Google+]
Display Expected Value[Facebook, Twitter, RSS, YouTube, Google+]
 Follow Us Footer text are matching
 DemoWebShop Image is displaying
]]></system-out>
    <system-err><![CDATA[[1664711183.729][SEVERE]: Unable to receive message from renderer
Starting ChromeDriver 106.0.5249.61 (511755355844955cd3e264779baf0dd38212a4d0-refs/branch-heads/5249@{#569}) on port 36148
Only local connections are allowed.
Please see https://chromedriver.chromium.org/security-considerations for suggestions on keeping ChromeDriver safe.
ChromeDriver was started successfully.
Oct 02, 2022 5:16:26 PM org.openqa.selenium.remote.ProtocolHandshake createSession
INFO: Detected dialect: W3C
Oct 02, 2022 5:16:26 PM com.WebShop.TestCases.TC2_LoginValidation LoginValidation
INFO: Welcome to DemoWebShop Login Page
Oct 02, 2022 5:16:38 PM com.WebShop.TestCases.TC2_LoginValidation LoginValidation
INFO: Information footer text are verified
Oct 02, 2022 5:16:38 PM com.WebShop.TestCases.TC2_LoginValidation LoginValidation
INFO: Customer Service footer text are verified
Oct 02, 2022 5:16:38 PM com.WebShop.TestCases.TC2_LoginValidation LoginValidation
INFO: My Account footer text are verified
Oct 02, 2022 5:16:38 PM com.WebShop.TestCases.TC2_LoginValidation LoginValidation
INFO: Follow Us footer text are verified
Oct 02, 2022 5:16:38 PM com.WebShop.TestCases.TC2_LoginValidation LoginValidation
INFO: Image Display Validation
]]></system-err>
  </testcase>
  <testcase name="LOGINTEST" classname="com.WebShop.TestCases.TC1_LOGIN" time="15.517">
    <system-out><![CDATA[User Logged in to The Application using UserID:gabu@tabu.com
]]></system-out>
    <system-err><![CDATA[Starting ChromeDriver 106.0.5249.61 (511755355844955cd3e264779baf0dd38212a4d0-refs/branch-heads/5249@{#569}) on port 22047
Only local connections are allowed.
Please see https://chromedriver.chromium.org/security-considerations for suggestions on keeping ChromeDriver safe.
ChromeDriver was started successfully.
Oct 02, 2022 5:16:42 PM org.openqa.selenium.remote.ProtocolHandshake createSession
INFO: Detected dialect: W3C
Oct 02, 2022 5:16:42 PM com.WebShop.TestCases.TC1_LOGIN LOGINTEST
INFO: Welcome to DemoWebShop Login Page
Oct 02, 2022 5:16:55 PM com.WebShop.TestCases.TC1_LOGIN LOGINTEST
INFO: Login Page is displayed
Oct 02, 2022 5:16:55 PM com.WebShop.TestCases.TC1_LOGIN LOGINTEST
INFO: Application URL is opned
Oct 02, 2022 5:16:55 PM com.WebShop.TestCases.TC1_LOGIN LOGINTEST
INFO: UserName is Entered
Oct 02, 2022 5:16:55 PM com.WebShop.TestCases.TC1_LOGIN LOGINTEST
INFO: Password is Entered
Oct 02, 2022 5:16:56 PM com.WebShop.TestCases.TC1_LOGIN LOGINTEST
INFO: User Loggged in Successfully
Oct 02, 2022 5:16:56 PM com.WebShop.TestCases.TC1_LOGIN LOGINTEST
INFO: User Logged in Using the Account Name
Oct 02, 2022 5:16:56 PM com.WebShop.TestCases.TC1_LOGIN LOGINTEST
INFO: User Logged out Successfully
]]></system-err>
  </testcase>
  <testcase name="LoginHeaderValidation" classname="com.WebShop.TestCases.TC3_LoginHeaderValidation" time="14.808">
    <system-out><![CDATA[Expected Header Text are:[BOOKS, COMPUTERS, ELECTRONICS, APPAREL & SHOES, DIGITAL DOWNLOADS, JEWELRY, GIFT CARDS]
Actual Header Text are:[BOOKS, COMPUTERS, , , , ELECTRONICS, , , APPAREL & SHOES, DIGITAL DOWNLOADS, JEWELRY, GIFT CARDS]
 Header Text are matching in DemoWebShop
]]></system-out>
    <system-err><![CDATA[Starting ChromeDriver 106.0.5249.61 (511755355844955cd3e264779baf0dd38212a4d0-refs/branch-heads/5249@{#569}) on port 14374
Only local connections are allowed.
Please see https://chromedriver.chromium.org/security-considerations for suggestions on keeping ChromeDriver safe.
ChromeDriver was started successfully.
Oct 02, 2022 5:17:00 PM org.openqa.selenium.remote.ProtocolHandshake createSession
INFO: Detected dialect: W3C
Oct 02, 2022 5:17:10 PM com.WebShop.TestCases.TC3_LoginHeaderValidation LoginHeaderValidation
INFO: Application URL is Opened
Oct 02, 2022 5:17:11 PM com.WebShop.TestCases.TC3_LoginHeaderValidation LoginHeaderValidation
INFO: User Credentials are Entered
Oct 02, 2022 5:17:12 PM com.WebShop.TestCases.TC3_LoginHeaderValidation LoginHeaderValidation
INFO: User Clicks on LoginButton
Oct 02, 2022 5:17:15 PM com.WebShop.TestCases.TC3_LoginHeaderValidation LoginHeaderValidation
INFO: Header Text are Validated Successfully
]]></system-err>
  </testcase>
</testsuite>