<?xml version="1.0" encoding="UTF-8"?>
<testng-results skipped="0" failed="0" ignored="0" total="1" passed="1">
  <reporter-output>
  </reporter-output>
  <suite name="Default suite" duration-ms="97464" started-at="2022-10-15T19:47:18 IST" finished-at="2022-10-15T19:48:56 IST">
    <groups>
    </groups>
    <test name="Default test" duration-ms="97464" started-at="2022-10-15T19:47:18 IST" finished-at="2022-10-15T19:48:56 IST">
      <class name="com.WebShop.TestCases.TC14_HomePageBrokenlinks">
        <test-method status="PASS" signature="Setup()[pri:0, instance:com.WebShop.TestCases.TC14_HomePageBrokenlinks@77ec78b9]" name="Setup" is-config="true" duration-ms="6771" started-at="2022-10-15T19:47:18 IST" finished-at="2022-10-15T19:47:25 IST">
          <reporter-output>
          </reporter-output>
        </test-method> <!-- Setup -->
        <test-method status="PASS" signature="HomePageLinks()[pri:0, instance:com.WebShop.TestCases.TC14_HomePageBrokenlinks@77ec78b9]" name="HomePageLinks" duration-ms="90544" started-at="2022-10-15T19:47:25 IST" finished-at="2022-10-15T19:48:55 IST">
          <reporter-output>
          </reporter-output>
        </test-method> <!-- HomePageLinks -->
        <test-method status="PASS" signature="TearDown()[pri:0, instance:com.WebShop.TestCases.TC14_HomePageBrokenlinks@77ec78b9]" name="TearDown" is-config="true" duration-ms="70" started-at="2022-10-15T19:48:55 IST" finished-at="2022-10-15T19:48:56 IST">
          <reporter-output>
          </reporter-output>
        </test-method> <!-- TearDown -->
      </class> <!-- com.WebShop.TestCases.TC14_HomePageBrokenlinks -->
    </test> <!-- Default test -->
  </suite> <!-- Default suite -->
</testng-results>
